2024-10-05 12:03:53,246 [INFO] Activator:176 - 


2024-10-05 12:03:53,250 [INFO] Activator:177 - !SESSION log4j initialized
2024-10-05 12:03:58,103 [INFO] LogOutputStream:77 - [STDOUT_REDIRECT] 
2024-10-05 12:03:59,201 [INFO] ApplicationProperties:184 - Using Application install path: C:\ST\STM32CubeIDE_1.16.1\STM32CubeIDE\plugins\com.st.stm32cube.common.mx_6.12.1.202409122256
2024-10-05 12:03:59,219 [INFO] DbMcusXml:78 - Set database path to: C:\ST\STM32CubeIDE_1.16.1\STM32CubeIDE\plugins\com.st.stm32cube.common.mx_6.12.1.202409122256\\db\/mcu/
2024-10-05 12:03:59,219 [INFO] ApiDb:274 - Set plugin database path to: C:\ST\STM32CubeIDE_1.16.1\STM32CubeIDE\plugins\com.st.stm32cube.common.mx_6.12.1.202409122256\\db\/plugins/boardmanager/
2024-10-05 12:03:59,220 [WARN] ApiDb:259 - Overriding images path with different value:  => C:\ST\STM32CubeIDE_1.16.1\STM32CubeIDE\plugins\com.st.stm32cube.common.mx_6.12.1.202409122256\\db\/plugins/mcufinder/images/
2024-10-05 12:03:59,227 [INFO] ApiDb:250 - Set database path to: C:\Users\corre\.stmcufinder\plugins\mcufinder//mcu/
2024-10-05 12:03:59,228 [INFO] DbMcusAds:125 - Set database path to: C:\Users\corre\.stmcufinder\plugins\mcufinder//mcu/
2024-10-05 12:03:59,230 [INFO] CrossReferenceDbSqlite:203 - Set database path to: C:\Users\corre\.stmcufinder\plugins\mcufinder//mcu/cs/
2024-10-05 12:03:59,388 [INFO] RulesReader:64 - Compatibility file has been processed (297 Rules)
2024-10-05 12:03:59,493 [INFO] DbMcusXml:78 - Set database path to: C:\ST\STM32CubeIDE_1.16.1\STM32CubeIDE\plugins\com.st.stm32cube.common.mx_6.12.1.202409122256\\db\/mcu/
2024-10-05 12:03:59,494 [INFO] ApiDb:274 - Set plugin database path to: C:\ST\STM32CubeIDE_1.16.1\STM32CubeIDE\plugins\com.st.stm32cube.common.mx_6.12.1.202409122256\\db\/plugins/boardmanager/
2024-10-05 12:03:59,494 [INFO] ApiDb:261 - Set plugin images path to: C:\ST\STM32CubeIDE_1.16.1\STM32CubeIDE\plugins\com.st.stm32cube.common.mx_6.12.1.202409122256\\db\/plugins/mcufinder/images/
2024-10-05 12:03:59,494 [WARN] DbFile:41 - Overriding database path with different value: C:\Users\corre\.stmcufinder\plugins\mcufinder/ => C:\Users\corre\.stmcufinder\plugins\mcufinder
2024-10-05 12:03:59,494 [INFO] ApiDb:250 - Set database path to: C:\Users\corre\.stmcufinder\plugins\mcufinder//mcu/
2024-10-05 12:03:59,494 [WARN] DbFile:41 - Overriding database path with different value: C:\Users\corre\.stmcufinder\plugins\mcufinder/ => C:\Users\corre\.stmcufinder\plugins\mcufinder
2024-10-05 12:03:59,494 [INFO] DbMcusAds:125 - Set database path to: C:\Users\corre\.stmcufinder\plugins\mcufinder//mcu/
2024-10-05 12:03:59,494 [WARN] DbFile:41 - Overriding database path with different value: C:\Users\corre\.stmcufinder\plugins\mcufinder/ => C:\Users\corre\.stmcufinder\plugins\mcufinder
2024-10-05 12:03:59,494 [WARN] DbFile:41 - Overriding database path with different value: C:\Users\corre\.stmcufinder\plugins\mcufinder/ => C:\Users\corre\.stmcufinder\plugins\mcufinder
2024-10-05 12:03:59,494 [INFO] CrossReferenceDbSqlite:203 - Set database path to: C:\Users\corre\.stmcufinder\plugins\mcufinder//mcu/cs/
2024-10-05 12:03:59,574 [INFO] MainPanel:268 - HeapMemory: 268435456
2024-10-05 12:03:59,672 [INFO] DbMcusXml:78 - Set database path to: C:\ST\STM32CubeIDE_1.16.1\STM32CubeIDE\plugins\com.st.stm32cube.common.mx_6.12.1.202409122256\\db\/mcu/
2024-10-05 12:03:59,672 [INFO] ApiDb:274 - Set plugin database path to: C:\ST\STM32CubeIDE_1.16.1\STM32CubeIDE\plugins\com.st.stm32cube.common.mx_6.12.1.202409122256\\db\/plugins/boardmanager/
2024-10-05 12:03:59,672 [INFO] ApiDb:261 - Set plugin images path to: C:\ST\STM32CubeIDE_1.16.1\STM32CubeIDE\plugins\com.st.stm32cube.common.mx_6.12.1.202409122256\\db\/plugins/mcufinder/images/
2024-10-05 12:03:59,673 [WARN] DbFile:41 - Overriding database path with different value: C:\Users\corre\.stmcufinder\plugins\mcufinder/ => C:\Users\corre\.stmcufinder\plugins\mcufinder
2024-10-05 12:03:59,673 [INFO] ApiDb:250 - Set database path to: C:\Users\corre\.stmcufinder\plugins\mcufinder//mcu/
2024-10-05 12:03:59,673 [WARN] DbFile:41 - Overriding database path with different value: C:\Users\corre\.stmcufinder\plugins\mcufinder/ => C:\Users\corre\.stmcufinder\plugins\mcufinder
2024-10-05 12:03:59,673 [INFO] DbMcusAds:125 - Set database path to: C:\Users\corre\.stmcufinder\plugins\mcufinder//mcu/
2024-10-05 12:03:59,673 [WARN] DbFile:41 - Overriding database path with different value: C:\Users\corre\.stmcufinder\plugins\mcufinder/ => C:\Users\corre\.stmcufinder\plugins\mcufinder
2024-10-05 12:03:59,673 [WARN] DbFile:41 - Overriding database path with different value: C:\Users\corre\.stmcufinder\plugins\mcufinder/ => C:\Users\corre\.stmcufinder\plugins\mcufinder
2024-10-05 12:03:59,673 [INFO] CrossReferenceDbSqlite:203 - Set database path to: C:\Users\corre\.stmcufinder\plugins\mcufinder//mcu/cs/
2024-10-05 12:03:59,687 [INFO] ApplicationProperties:184 - Using Application install path: C:\ST\STM32CubeIDE_1.16.1\STM32CubeIDE\plugins\com.st.stm32cube.common.mx_6.12.1.202409122256
2024-10-05 12:03:59,688 [INFO] PluginManage:196 - Search for loadable plugins [exclusion list=, ]
2024-10-05 12:03:59,690 [INFO] PluginManage:310 - Check plugin analytics
2024-10-05 12:03:59,837 [INFO] AnalyticsPlugin:253 - Accepted Software Licenses: 
2024-10-05 12:03:59,837 [INFO] AnalyticsPlugin:255 - Accepted CMSIS Pack Licenses: 
2024-10-05 12:03:59,837 [INFO] AnalyticsPlugin:257 - Accepted Firmware Licenses: FW.F7.1.17.0
2024-10-05 12:03:59,838 [INFO] PluginManage:359 - Loaded plugin analytics (category:tool,tabindex:-1)
2024-10-05 12:03:59,839 [INFO] PluginManage:310 - Check plugin cadmodel
2024-10-05 12:03:59,845 [INFO] CADModel:105 - Init CAD model plugin
2024-10-05 12:03:59,845 [INFO] PluginManage:359 - Loaded plugin cadmodel (category:power,tabindex:5)
2024-10-05 12:03:59,846 [INFO] PluginManage:310 - Check plugin clock
2024-10-05 12:03:59,855 [INFO] PluginManage:359 - Loaded plugin clock (category:base,tabindex:2)
2024-10-05 12:03:59,856 [INFO] PluginManage:310 - Check plugin ddr
2024-10-05 12:03:59,858 [INFO] PluginManage:359 - Loaded plugin ddr (category:tool,tabindex:6)
2024-10-05 12:03:59,858 [INFO] PluginManage:310 - Check plugin filemanager
2024-10-05 12:03:59,999 [INFO] PluginManage:359 - Loaded plugin filemanager (category:base,tabindex:10)
2024-10-05 12:04:00,000 [INFO] PluginManage:310 - Check plugin ipmanager
2024-10-05 12:04:00,006 [INFO] PluginManage:359 - Loaded plugin ipmanager (category:base,tabindex:5)
2024-10-05 12:04:00,006 [INFO] PluginManage:310 - Check plugin lpbam
2024-10-05 12:04:00,014 [INFO] PluginManage:359 - Loaded plugin lpbam (category:base,tabindex:0)
2024-10-05 12:04:00,014 [INFO] PluginManage:310 - Check plugin memorymap
2024-10-05 12:04:00,027 [INFO] PluginManage:359 - Loaded plugin memorymap (category:base,tabindex:4)
2024-10-05 12:04:00,027 [INFO] PluginManage:310 - Check plugin pinoutandconfiguration
2024-10-05 12:04:00,034 [INFO] PluginManage:359 - Loaded plugin pinoutandconfiguration (category:base,tabindex:1)
2024-10-05 12:04:00,035 [INFO] PluginManage:310 - Check plugin pinoutconfig
2024-10-05 12:04:00,131 [WARN] SupportedApi:132 - Cannot load RTOS API schema: s4s-elt-must-match.1: The content of 'definitions' must match (annotation?, (simpleType | complexType)?, (unique | key | keyref)*)). A problem was found starting at: attribute.
2024-10-05 12:04:00,268 [INFO] PluginManage:359 - Loaded plugin pinoutconfig (category:base,tabindex:0)
2024-10-05 12:04:00,269 [INFO] PluginManage:310 - Check plugin power
2024-10-05 12:04:00,277 [INFO] PluginManage:359 - Loaded plugin power (category:power,tabindex:4)
2024-10-05 12:04:00,277 [INFO] PluginManage:310 - Check plugin projectmanager
2024-10-05 12:04:00,295 [INFO] PluginManage:359 - Loaded plugin projectmanager (category:projectmanager,tabindex:4)
2024-10-05 12:04:00,295 [INFO] PluginManage:310 - Check plugin rif
2024-10-05 12:04:00,302 [INFO] PluginManage:359 - Loaded plugin rif (category:base,tabindex:3)
2024-10-05 12:04:00,302 [INFO] PluginManage:310 - Check plugin thirdparty
2024-10-05 12:04:00,462 [INFO] PluginManage:359 - Loaded plugin thirdparty (category:base,tabindex:-1)
2024-10-05 12:04:00,462 [INFO] PluginManage:310 - Check plugin tools
2024-10-05 12:04:00,463 [WARN] IntegrityCheckThread:84 - waiting for thirdparty lock release [integrity check]
2024-10-05 12:04:00,463 [INFO] IntegrityCheckThread:86 - entering critical section [integrity check]
2024-10-05 12:04:00,465 [INFO] ThirdPartyUpdaterWithRetryManager:70 - Updater plugin not ready yet. [1/15]
2024-10-05 12:04:00,466 [INFO] PluginManage:359 - Loaded plugin tools (category:base,tabindex:7)
2024-10-05 12:04:00,466 [INFO] PluginManage:310 - Check plugin tutovideos
2024-10-05 12:04:00,628 [INFO] PluginManage:359 - Loaded plugin tutovideos (category:base,tabindex:-1)
2024-10-05 12:04:00,628 [INFO] PluginManage:310 - Check plugin updater
2024-10-05 12:04:00,654 [INFO] PluginManage:359 - Loaded plugin updater (category:base,tabindex:12)
2024-10-05 12:04:00,654 [INFO] PluginManage:310 - Check plugin userauth
2024-10-05 12:04:00,659 [INFO] UserAuth:113 - Init User Auth plugin
2024-10-05 12:04:00,660 [INFO] PluginManage:359 - Loaded plugin userauth (category:base,tabindex:14)
2024-10-05 12:04:00,660 [INFO] PluginManage:283 - PluginManage : Loaded plugins [18]
2024-10-05 12:04:00,831 [INFO] PinOutPanel:1561 - setPackage(No Configuration,No Configuration)
2024-10-05 12:04:00,906 [INFO] CADModel:165 - CPN selected for project level
2024-10-05 12:04:00,906 [INFO] CADModel:114 - Register for checkConnection events
2024-10-05 12:04:00,921 [INFO] IPUIPlugin:80 - create IPUIPlugin
2024-10-05 12:04:00,921 [INFO] PluginManager:220 - loadIPPluginJar : add adc
2024-10-05 12:04:00,923 [INFO] IPUIPlugin:80 - create IPUIPlugin
2024-10-05 12:04:00,923 [INFO] PluginManager:220 - loadIPPluginJar : add aes
2024-10-05 12:04:00,925 [INFO] IPUIPlugin:80 - create IPUIPlugin
2024-10-05 12:04:00,925 [INFO] PluginManager:220 - loadIPPluginJar : add can
2024-10-05 12:04:00,927 [INFO] IPUIPlugin:80 - create IPUIPlugin
2024-10-05 12:04:00,927 [INFO] PluginManager:220 - loadIPPluginJar : add comp
2024-10-05 12:04:00,928 [INFO] IPUIPlugin:80 - create IPUIPlugin
2024-10-05 12:04:00,928 [INFO] PluginManager:220 - loadIPPluginJar : add cryp
2024-10-05 12:04:00,930 [INFO] IPUIPlugin:80 - create IPUIPlugin
2024-10-05 12:04:00,930 [INFO] PluginManager:220 - loadIPPluginJar : add ddr_ctrl_phy
2024-10-05 12:04:00,931 [INFO] IPUIPlugin:80 - create IPUIPlugin
2024-10-05 12:04:00,931 [INFO] PluginManager:220 - loadIPPluginJar : add dfsdm
2024-10-05 12:04:00,935 [INFO] IPUIPlugin:80 - create IPUIPlugin
2024-10-05 12:04:00,936 [INFO] PluginManager:220 - loadIPPluginJar : add dma
2024-10-05 12:04:00,937 [INFO] IPUIPlugin:80 - create IPUIPlugin
2024-10-05 12:04:00,937 [INFO] PluginManager:220 - loadIPPluginJar : add dma3
2024-10-05 12:04:00,939 [INFO] IPUIPlugin:80 - create IPUIPlugin
2024-10-05 12:04:00,940 [INFO] PluginManager:220 - loadIPPluginJar : add extmemmanager
2024-10-05 12:04:00,941 [INFO] IPUIPlugin:80 - create IPUIPlugin
2024-10-05 12:04:00,941 [INFO] PluginManager:220 - loadIPPluginJar : add fatfs
2024-10-05 12:04:00,944 [INFO] IPUIPlugin:80 - create IPUIPlugin
2024-10-05 12:04:00,944 [INFO] PluginManager:220 - loadIPPluginJar : add fmc
2024-10-05 12:04:00,950 [INFO] IPUIPlugin:80 - create IPUIPlugin
2024-10-05 12:04:00,950 [INFO] PluginManager:220 - loadIPPluginJar : add freertos
2024-10-05 12:04:00,951 [INFO] IPUIPlugin:80 - create IPUIPlugin
2024-10-05 12:04:00,951 [INFO] PluginManager:220 - loadIPPluginJar : add genericplugin
2024-10-05 12:04:00,953 [INFO] IPUIPlugin:80 - create IPUIPlugin
2024-10-05 12:04:00,953 [INFO] PluginManager:220 - loadIPPluginJar : add gfxmmu
2024-10-05 12:04:00,957 [INFO] IPUIPlugin:80 - create IPUIPlugin
2024-10-05 12:04:00,957 [INFO] PluginManager:220 - loadIPPluginJar : add gic
2024-10-05 12:04:00,961 [INFO] IPUIPlugin:80 - create IPUIPlugin
2024-10-05 12:04:00,961 [INFO] PluginManager:220 - loadIPPluginJar : add gpio
2024-10-05 12:04:00,964 [INFO] IPUIPlugin:80 - create IPUIPlugin
2024-10-05 12:04:00,964 [INFO] PluginManager:220 - loadIPPluginJar : add gtzc
2024-10-05 12:04:00,966 [INFO] IPUIPlugin:80 - create IPUIPlugin
2024-10-05 12:04:00,966 [INFO] PluginManager:220 - loadIPPluginJar : add hash
2024-10-05 12:04:00,968 [INFO] IPUIPlugin:80 - create IPUIPlugin
2024-10-05 12:04:00,969 [INFO] PluginManager:220 - loadIPPluginJar : add i2c
2024-10-05 12:04:00,970 [INFO] IPUIPlugin:80 - create IPUIPlugin
2024-10-05 12:04:00,970 [INFO] PluginManager:220 - loadIPPluginJar : add i2s
2024-10-05 12:04:00,972 [INFO] IPUIPlugin:80 - create IPUIPlugin
2024-10-05 12:04:00,972 [INFO] PluginManager:220 - loadIPPluginJar : add i3c
2024-10-05 12:04:00,976 [INFO] IPUIPlugin:80 - create IPUIPlugin
2024-10-05 12:04:00,976 [INFO] PluginManager:220 - loadIPPluginJar : add ipddr
2024-10-05 12:04:00,983 [INFO] IPUIPlugin:80 - create IPUIPlugin
2024-10-05 12:04:00,983 [INFO] PluginManager:220 - loadIPPluginJar : add linkedlist
2024-10-05 12:04:00,985 [INFO] IPUIPlugin:80 - create IPUIPlugin
2024-10-05 12:04:00,985 [INFO] PluginManager:220 - loadIPPluginJar : add lorawan
2024-10-05 12:04:00,987 [INFO] IPUIPlugin:80 - create IPUIPlugin
2024-10-05 12:04:00,987 [INFO] PluginManager:220 - loadIPPluginJar : add ltdc
2024-10-05 12:04:00,992 [INFO] IPUIPlugin:80 - create IPUIPlugin
2024-10-05 12:04:00,993 [INFO] PluginManager:220 - loadIPPluginJar : add mdma
2024-10-05 12:04:00,996 [INFO] IPUIPlugin:80 - create IPUIPlugin
2024-10-05 12:04:00,996 [INFO] PluginManager:220 - loadIPPluginJar : add nvic
2024-10-05 12:04:00,998 [INFO] IPUIPlugin:80 - create IPUIPlugin
2024-10-05 12:04:00,998 [INFO] PluginManager:220 - loadIPPluginJar : add opamp
2024-10-05 12:04:01,000 [INFO] IPUIPlugin:80 - create IPUIPlugin
2024-10-05 12:04:01,000 [INFO] PluginManager:220 - loadIPPluginJar : add openamp
2024-10-05 12:04:01,002 [INFO] IPUIPlugin:80 - create IPUIPlugin
2024-10-05 12:04:01,002 [INFO] PluginManager:220 - loadIPPluginJar : add pdm2pcm
2024-10-05 12:04:01,008 [INFO] IPUIPlugin:80 - create IPUIPlugin
2024-10-05 12:04:01,010 [INFO] PluginManager:220 - loadIPPluginJar : add plateformsettings
2024-10-05 12:04:01,011 [INFO] IPUIPlugin:80 - create IPUIPlugin
2024-10-05 12:04:01,015 [INFO] PluginManager:220 - loadIPPluginJar : add quadspi
2024-10-05 12:04:01,016 [INFO] IPUIPlugin:80 - create IPUIPlugin
2024-10-05 12:04:01,017 [INFO] PluginManager:220 - loadIPPluginJar : add radio
2024-10-05 12:04:01,020 [INFO] IPUIPlugin:80 - create IPUIPlugin
2024-10-05 12:04:01,020 [INFO] PluginManager:220 - loadIPPluginJar : add resmgrutility
2024-10-05 12:04:01,023 [INFO] IPUIPlugin:80 - create IPUIPlugin
2024-10-05 12:04:01,023 [INFO] PluginManager:220 - loadIPPluginJar : add sai
2024-10-05 12:04:01,025 [INFO] IPUIPlugin:80 - create IPUIPlugin
2024-10-05 12:04:01,025 [INFO] PluginManager:220 - loadIPPluginJar : add spi
2024-10-05 12:04:01,029 [INFO] IPUIPlugin:80 - create IPUIPlugin
2024-10-05 12:04:01,029 [INFO] PluginManager:220 - loadIPPluginJar : add stm32_wpan
2024-10-05 12:04:01,030 [INFO] IPUIPlugin:80 - create IPUIPlugin
2024-10-05 12:04:01,030 [INFO] PluginManager:220 - loadIPPluginJar : add tim
2024-10-05 12:04:01,033 [INFO] IPUIPlugin:80 - create IPUIPlugin
2024-10-05 12:04:01,033 [INFO] PluginManager:220 - loadIPPluginJar : add touchsensing
2024-10-05 12:04:01,036 [INFO] IPUIPlugin:80 - create IPUIPlugin
2024-10-05 12:04:01,036 [INFO] PluginManager:220 - loadIPPluginJar : add tracer_emb
2024-10-05 12:04:01,037 [INFO] IPUIPlugin:80 - create IPUIPlugin
2024-10-05 12:04:01,037 [INFO] PluginManager:220 - loadIPPluginJar : add ts
2024-10-05 12:04:01,038 [INFO] IPUIPlugin:80 - create IPUIPlugin
2024-10-05 12:04:01,038 [INFO] PluginManager:220 - loadIPPluginJar : add tsc
2024-10-05 12:04:01,039 [INFO] IPUIPlugin:80 - create IPUIPlugin
2024-10-05 12:04:01,039 [INFO] PluginManager:220 - loadIPPluginJar : add ucpd
2024-10-05 12:04:01,042 [INFO] IPUIPlugin:80 - create IPUIPlugin
2024-10-05 12:04:01,042 [INFO] PluginManager:220 - loadIPPluginJar : add usart
2024-10-05 12:04:01,045 [INFO] IPUIPlugin:80 - create IPUIPlugin
2024-10-05 12:04:01,045 [INFO] PluginManager:220 - loadIPPluginJar : add usbx
2024-10-05 12:04:01,167 [INFO] CADModel:165 - CPN selected for project level
2024-10-05 12:04:01,167 [INFO] CADModel:114 - Register for checkConnection events
2024-10-05 12:04:01,168 [FATAL] Updater:334 - Updater called before beeing initialized
2024-10-05 12:04:01,168 [ERROR] CADModel:125 - Updater not yet initialized, retry later 
2024-10-05 12:04:01,314 [INFO] CADModel:165 - CPN selected for project level
2024-10-05 12:04:01,314 [INFO] CADModel:114 - Register for checkConnection events
2024-10-05 12:04:01,314 [FATAL] Updater:334 - Updater called before beeing initialized
2024-10-05 12:04:01,314 [ERROR] CADModel:125 - Updater not yet initialized, retry later 
2024-10-05 12:04:01,318 [FATAL] Updater:334 - Updater called before beeing initialized
2024-10-05 12:04:01,413 [FATAL] Updater:334 - Updater called before beeing initialized
2024-10-05 12:04:01,416 [INFO] DbMcusAds:53 - JSON generation date=Fri Sep 20 09:04:23 EDT 2024 (1726837463113)
2024-10-05 12:04:01,416 [FATAL] Updater:334 - Updater called before beeing initialized
2024-10-05 12:04:01,445 [WARN] DetailPanel:346 - Failed to get advertising image, set to default
2024-10-05 12:04:01,579 [FATAL] Updater:334 - Updater called before beeing initialized
2024-10-05 12:04:01,581 [FATAL] Updater:334 - Updater called before beeing initialized
2024-10-05 12:04:01,581 [FATAL] Updater:334 - Updater called before beeing initialized
2024-10-05 12:04:01,581 [WARN] DetailPanel:346 - Failed to get advertising image, set to default
2024-10-05 12:04:01,582 [FATAL] Updater:334 - Updater called before beeing initialized
2024-10-05 12:04:01,617 [ERROR] Updater:1164 - MainUpdater not yet initialized. External WinMGr cannot be set.
2024-10-05 12:04:01,619 [INFO] Updater:1100 - Updater Version found : 6.12.1
2024-10-05 12:04:01,635 [INFO] ApplicationProperties:184 - Using Application install path: C:\ST\STM32CubeIDE_1.16.1\STM32CubeIDE\plugins\com.st.stm32cube.common.mx_6.12.1.202409122256
2024-10-05 12:04:03,212 [ERROR] LogOutputStream:75 - [STDERR_REDIRECT] Oct 05, 2024 12:04:03 PM java.util.prefs.WindowsPreferences <init>
2024-10-05 12:04:03,214 [ERROR] LogOutputStream:75 - [STDERR_REDIRECT] WARNING: Could not open/create prefs root node Software\JavaSoft\Prefs at root 0xffffffff80000002. Windows RegCreateKeyEx(...) returned error code 5.
2024-10-05 12:04:03,214 [ERROR] LogOutputStream:75 - [STDERR_REDIRECT] 
2024-10-05 12:04:03,465 [INFO] ThirdPartyUpdaterWithRetryManager:70 - Updater plugin not ready yet. [2/15]
2024-10-05 12:04:03,719 [INFO] MainUpdater:2873 - connection check result : 10
2024-10-05 12:04:03,720 [INFO] MainUpdater:290 - Updater Check For Update Now.
2024-10-05 12:04:03,720 [INFO] MicroXplorer:498 - Change Database Version : DB.6.0.121
2024-10-05 12:04:03,727 [INFO] McuFinderGlobals:63 - Set McuFinder mode to 2 (CubeIDE integrated)
2024-10-05 12:04:03,728 [INFO] UserAuth:417 - Internet connection configuration mode: 1
2024-10-05 12:04:03,810 [INFO] JxBrowserEngine:152 - Initiate JxBrowser Engine with user profile folder
2024-10-05 12:04:03,961 [INFO] CheckServerUpdateThread:120 - End of CheckServer Thread
2024-10-05 12:04:04,744 [INFO] WebApp:167 - Instantiating new browser for Auth
2024-10-05 12:04:05,400 [INFO] WebApp:448 - Apply proxy settings
2024-10-05 12:04:05,400 [INFO] WebApp:533 - Chromium requires no authentication
2024-10-05 12:04:05,414 [INFO] WebApp:476 - Direct internet connection detected
2024-10-05 12:04:05,444 [INFO] WebApp:869 - Register for checkConnection events
2024-10-05 12:04:05,444 [INFO] WebApp:448 - Apply proxy settings
2024-10-05 12:04:05,444 [INFO] WebApp:533 - Chromium requires no authentication
2024-10-05 12:04:05,445 [INFO] WebApp:476 - Direct internet connection detected
2024-10-05 12:04:05,633 [INFO] WebApp:220 - Starting web application
2024-10-05 12:04:05,634 [INFO] WebApp:578 - Web application path used C:\ST\STM32CubeIDE_1.16.1\STM32CubeIDE\plugins\com.st.stm32cube.common.mx_6.12.1.202409122256\db\plugins\mcufinder\reactClient1\index.html
2024-10-05 12:04:05,863 [INFO] UserAuth:417 - Internet connection configuration mode: 1
2024-10-05 12:04:06,025 [INFO] WebApp:186 - Connection restablished
2024-10-05 12:04:06,600 [WARN] PackLoader:240 - Cannot read IP mode file for STMicroelectronics.FP-SNS-MOTENVWB1.1.4.0
2024-10-05 12:04:06,610 [WARN] PackLoader:240 - Cannot read IP mode file for STMicroelectronics.X-CUBE-SMBUS.2.1.0
2024-10-05 12:04:06,639 [WARN] PackLoader:240 - Cannot read IP mode file for STMicroelectronics.X-CUBE-AZRTOS-F7.1.1.0
2024-10-05 12:04:06,703 [WARN] PackLoader:240 - Cannot read IP mode file for STMicroelectronics.X-CUBE-MEMS1.11.0.0
2024-10-05 12:04:06,853 [WARN] PackLoader:240 - Cannot read IP mode file for STMicroelectronics.FP-SNS-FLIGHT1.5.0.2
2024-10-05 12:04:06,861 [WARN] PackLoader:240 - Cannot read IP mode file for STMicroelectronics.X-CUBE-DISPLAY.3.0.0
2024-10-05 12:04:06,868 [WARN] PackLoader:240 - Cannot read IP mode file for STMicroelectronics.X-CUBE-BLE1.7.0.0
2024-10-05 12:04:06,873 [WARN] PackLoader:240 - Cannot read IP mode file for STMicroelectronics.X-CUBE-NFC10.1.0.0
2024-10-05 12:04:06,878 [WARN] PackLoader:240 - Cannot read IP mode file for emotas.I-CUBE-CANOPEN.1.3.0
2024-10-05 12:04:06,883 [WARN] PackLoader:240 - Cannot read IP mode file for STMicroelectronics.X-CUBE-BLEMGR.3.1.0
2024-10-05 12:04:06,889 [WARN] PackLoader:240 - Cannot read IP mode file for STMicroelectronics.FP-SNS-SMARTAG2.1.2.0
2024-10-05 12:04:06,895 [INFO] LogOutputStream:77 - [STDOUT_REDIRECT] 1 : Invalid condition id : UX_CORESTACK_Condition cause : null
2024-10-05 12:04:06,896 [INFO] LogOutputStream:77 - [STDOUT_REDIRECT] 1 : Invalid condition id : UX_CORESTACK_Condition cause : null
2024-10-05 12:04:06,897 [INFO] LogOutputStream:77 - [STDOUT_REDIRECT] 1 : Invalid condition id : UX_CORESTACK_Condition cause : null
2024-10-05 12:04:06,898 [INFO] LogOutputStream:77 - [STDOUT_REDIRECT] 1 : Invalid condition id : UX_CORESTACK_Condition cause : null
2024-10-05 12:04:06,899 [INFO] LogOutputStream:77 - [STDOUT_REDIRECT] 1 : Invalid condition id : UX_CORESTACK_Condition cause : null
2024-10-05 12:04:06,904 [WARN] PackLoader:240 - Cannot read IP mode file for STMicroelectronics.X-CUBE-AZRTOS-WL.2.0.0
2024-10-05 12:04:06,908 [WARN] PackLoader:240 - Cannot read IP mode file for STMicroelectronics.FP-SNS-MOTENV1.5.0.0
2024-10-05 12:04:06,911 [WARN] PackLoader:240 - Cannot read IP mode file for wolfSSL.I-CUBE-wolfMQTT.1.19.0
2024-10-05 12:04:06,917 [WARN] PackLoader:240 - Cannot read IP mode file for WES.I-CUBE-Cesium.1.3.0
2024-10-05 12:04:06,921 [WARN] PackLoader:240 - Cannot read IP mode file for STMicroelectronics.X-CUBE-BLE2.3.3.0
2024-10-05 12:04:06,924 [WARN] PackLoader:240 - Cannot read IP mode file for STMicroelectronics.X-CUBE-NFC9.1.0.0
2024-10-05 12:04:06,929 [WARN] PackLoader:240 - Cannot read IP mode file for STMicroelectronics.X-CUBE-TCPP.4.1.0
2024-10-05 12:04:06,941 [WARN] PackLoader:240 - Cannot read IP mode file for STMicroelectronics.X-CUBE-AZRTOS-G0.1.1.0
2024-10-05 12:04:06,945 [WARN] PackLoader:240 - Cannot read IP mode file for STMicroelectronics.X-CUBE-SAFEA1.1.2.2
2024-10-05 12:04:06,949 [WARN] PackLoader:240 - Cannot read IP mode file for STMicroelectronics.X-CUBE-NFC4.3.0.0
2024-10-05 12:04:06,955 [WARN] PackLoader:240 - Cannot read IP mode file for EmbeddedOffice.I-CUBE-FS-RTOS.1.0.1
2024-10-05 12:04:06,955 [ERROR] ConditionMgr:805 - Attr not supported : Dmpu
2024-10-05 12:04:06,955 [ERROR] ConditionMgr:805 - Attr not supported : Dmpu
2024-10-05 12:04:06,955 [ERROR] ConditionMgr:805 - Attr not supported : Dmpu
2024-10-05 12:04:06,955 [ERROR] ConditionMgr:805 - Attr not supported : Dmpu
2024-10-05 12:04:06,955 [ERROR] ConditionMgr:805 - Attr not supported : Dmpu
2024-10-05 12:04:06,955 [ERROR] ConditionMgr:805 - Attr not supported : Dmpu
2024-10-05 12:04:06,955 [ERROR] ConditionMgr:805 - Attr not supported : Dmpu
2024-10-05 12:04:06,955 [ERROR] ConditionMgr:805 - Attr not supported : Dmpu
2024-10-05 12:04:06,955 [ERROR] ConditionMgr:805 - Attr not supported : Dmpu
2024-10-05 12:04:06,955 [ERROR] ConditionMgr:805 - Attr not supported : Dmpu
2024-10-05 12:04:06,955 [ERROR] ConditionMgr:805 - Attr not supported : Dmpu
2024-10-05 12:04:06,955 [ERROR] ConditionMgr:805 - Attr not supported : Dmpu
2024-10-05 12:04:06,955 [ERROR] ConditionMgr:805 - Attr not supported : Dmpu
2024-10-05 12:04:06,955 [ERROR] ConditionMgr:805 - Attr not supported : Dmpu
2024-10-05 12:04:06,955 [ERROR] ConditionMgr:805 - Attr not supported : Dmpu
2024-10-05 12:04:06,955 [ERROR] ConditionMgr:805 - Attr not supported : Dmpu
2024-10-05 12:04:06,955 [ERROR] ConditionMgr:805 - Attr not supported : Dmpu
2024-10-05 12:04:06,955 [ERROR] ConditionMgr:805 - Attr not supported : Dmpu
2024-10-05 12:04:06,955 [ERROR] ConditionMgr:805 - Attr not supported : Dmpu
2024-10-05 12:04:06,955 [ERROR] ConditionMgr:805 - Attr not supported : Dmpu
2024-10-05 12:04:06,955 [ERROR] ConditionMgr:805 - Attr not supported : Dmpu
2024-10-05 12:04:06,957 [ERROR] ConditionMgr:805 - Attr not supported : Dmpu
2024-10-05 12:04:06,957 [ERROR] ConditionMgr:805 - Attr not supported : Dmpu
2024-10-05 12:04:06,957 [ERROR] ConditionMgr:805 - Attr not supported : Dmpu
2024-10-05 12:04:06,957 [ERROR] ConditionMgr:805 - Attr not supported : Dmpu
2024-10-05 12:04:06,957 [ERROR] ConditionMgr:805 - Attr not supported : Dmpu
2024-10-05 12:04:06,957 [ERROR] ConditionMgr:805 - Attr not supported : Dmpu
2024-10-05 12:04:06,957 [ERROR] ConditionMgr:805 - Attr not supported : Dmpu
2024-10-05 12:04:06,957 [ERROR] ConditionMgr:805 - Attr not supported : Dmpu
2024-10-05 12:04:06,957 [ERROR] ConditionMgr:805 - Attr not supported : Dmpu
2024-10-05 12:04:06,957 [ERROR] ConditionMgr:805 - Attr not supported : Dmpu
2024-10-05 12:04:06,957 [ERROR] ConditionMgr:805 - Attr not supported : Dmpu
2024-10-05 12:04:06,957 [ERROR] ConditionMgr:805 - Attr not supported : Dmpu
2024-10-05 12:04:06,957 [ERROR] ConditionMgr:805 - Attr not supported : Dmpu
2024-10-05 12:04:06,957 [ERROR] ConditionMgr:805 - Attr not supported : Dmpu
2024-10-05 12:04:06,957 [ERROR] ConditionMgr:805 - Attr not supported : Dmpu
2024-10-05 12:04:06,957 [ERROR] ConditionMgr:805 - Attr not supported : Dmpu
2024-10-05 12:04:06,957 [ERROR] ConditionMgr:805 - Attr not supported : Dmpu
2024-10-05 12:04:06,957 [ERROR] ConditionMgr:805 - Attr not supported : Dmpu
2024-10-05 12:04:06,957 [ERROR] ConditionMgr:805 - Attr not supported : Dmpu
2024-10-05 12:04:06,957 [ERROR] ConditionMgr:805 - Attr not supported : Dmpu
2024-10-05 12:04:06,957 [ERROR] ConditionMgr:805 - Attr not supported : Dmpu
2024-10-05 12:04:06,957 [ERROR] ConditionMgr:805 - Attr not supported : Dmpu
2024-10-05 12:04:06,957 [ERROR] ConditionMgr:805 - Attr not supported : Dmpu
2024-10-05 12:04:06,957 [ERROR] ConditionMgr:805 - Attr not supported : Dmpu
2024-10-05 12:04:06,957 [ERROR] ConditionMgr:805 - Attr not supported : Dmpu
2024-10-05 12:04:06,957 [ERROR] ConditionMgr:805 - Attr not supported : Dmpu
2024-10-05 12:04:06,957 [ERROR] ConditionMgr:805 - Attr not supported : Dmpu
2024-10-05 12:04:06,957 [ERROR] ConditionMgr:805 - Attr not supported : Dmpu
2024-10-05 12:04:06,957 [ERROR] ConditionMgr:805 - Attr not supported : Dmpu
2024-10-05 12:04:06,957 [ERROR] ConditionMgr:805 - Attr not supported : Dmpu
2024-10-05 12:04:06,957 [ERROR] ConditionMgr:805 - Attr not supported : Dmpu
2024-10-05 12:04:06,957 [ERROR] ConditionMgr:805 - Attr not supported : Dmpu
2024-10-05 12:04:06,957 [ERROR] ConditionMgr:805 - Attr not supported : Dmpu
2024-10-05 12:04:06,957 [ERROR] ConditionMgr:805 - Attr not supported : Dmpu
2024-10-05 12:04:06,957 [ERROR] ConditionMgr:805 - Attr not supported : Dmpu
2024-10-05 12:04:06,957 [ERROR] ConditionMgr:805 - Attr not supported : Dmpu
2024-10-05 12:04:06,957 [ERROR] ConditionMgr:805 - Attr not supported : Dmpu
2024-10-05 12:04:06,957 [ERROR] ConditionMgr:805 - Attr not supported : Dmpu
2024-10-05 12:04:06,957 [ERROR] ConditionMgr:805 - Attr not supported : Dmpu
2024-10-05 12:04:06,957 [ERROR] ConditionMgr:805 - Attr not supported : Dmpu
2024-10-05 12:04:06,957 [ERROR] ConditionMgr:805 - Attr not supported : Dmpu
2024-10-05 12:04:06,957 [ERROR] ConditionMgr:805 - Attr not supported : Dmpu
2024-10-05 12:04:06,957 [ERROR] ConditionMgr:805 - Attr not supported : Dmpu
2024-10-05 12:04:06,962 [WARN] PackLoader:240 - Cannot read IP mode file for RealThread.X-CUBE-RT-Thread_Nano.4.1.1
2024-10-05 12:04:06,965 [WARN] PackLoader:240 - Cannot read IP mode file for STMicroelectronics.FP-ATR-SIGFOX1.3.2.0
2024-10-05 12:04:06,968 [WARN] PackLoader:240 - Cannot read IP mode file for wolfSSL.I-CUBE-wolfSSL.5.7.2
2024-10-05 12:04:06,973 [WARN] PackLoader:240 - Cannot read IP mode file for STMicroelectronics.X-CUBE-EEPRMA1.5.1.0
2024-10-05 12:04:06,979 [WARN] PackLoader:240 - Cannot read IP mode file for ITTIA_DB.I-CUBE-ITTIADB.8.9.0
2024-10-05 12:04:06,995 [WARN] PackLoader:240 - Cannot read IP mode file for SEGGER.I-CUBE-embOS.1.3.1
2024-10-05 12:04:07,018 [WARN] PackLoader:240 - Cannot read IP mode file for STMicroelectronics.X-CUBE-ALGOBUILD.1.4.0
2024-10-05 12:04:07,022 [WARN] PackLoader:240 - Cannot read IP mode file for STMicroelectronics.X-CUBE-AI.9.1.0
2024-10-05 12:04:07,035 [WARN] PackLoader:240 - Cannot read IP mode file for STMicroelectronics.X-CUBE-AZRTOS-F4.1.1.0
2024-10-05 12:04:07,044 [WARN] PackLoader:240 - Cannot read IP mode file for STMicroelectronics.X-CUBE-ISPU.2.1.0
2024-10-05 12:04:07,053 [WARN] PackLoader:240 - Cannot read IP mode file for STMicroelectronics.X-CUBE-FREERTOS.1.2.0
2024-10-05 12:04:07,080 [WARN] PackLoader:240 - Cannot read IP mode file for STMicroelectronics.X-CUBE-AZRTOS-L5.2.0.0
2024-10-05 12:04:07,095 [WARN] PackLoader:240 - Cannot read IP mode file for STMicroelectronics.X-CUBE-NFC6.3.1.0
2024-10-05 12:04:07,103 [WARN] PackLoader:240 - Cannot read IP mode file for STMicroelectronics.X-CUBE-DPower.1.2.0
2024-10-05 12:04:07,106 [WARN] PackLoader:240 - Cannot read IP mode file for STMicroelectronics.X-CUBE-AI.9.0.0
2024-10-05 12:04:07,112 [WARN] PackLoader:240 - Cannot read IP mode file for STMicroelectronics.X-CUBE-NFC7.1.0.1
2024-10-05 12:04:07,123 [WARN] ConditionMgr:438 - getConditionDescription Invalid condition id : LAN8742 Phy interface Condition cause : null
2024-10-05 12:04:07,123 [WARN] PackLoader:240 - Cannot read IP mode file for STMicroelectronics.X-CUBE-AZRTOS-L4.2.0.0
2024-10-05 12:04:07,124 [WARN] ConditionMgr:1039 - genDependencies : Invalid condition id : LAN8742 Phy interface Condition cause : null
2024-10-05 12:04:07,124 [WARN] ConditionMgr:1039 - genDependencies : Invalid condition id : LAN8742 Phy interface Condition cause : null
2024-10-05 12:04:07,124 [WARN] ConditionMgr:1039 - genDependencies : Invalid condition id : LAN8742 Phy interface Condition cause : null
2024-10-05 12:04:07,129 [WARN] PackLoader:240 - Cannot read IP mode file for STMicroelectronics.X-CUBE-SFXS2LP1.4.0.0
2024-10-05 12:04:07,140 [WARN] PackLoader:240 - Cannot read IP mode file for STMicroelectronics.X-CUBE-AZRTOS-H7.3.3.0
2024-10-05 12:04:07,148 [WARN] ConditionMgr:438 - getConditionDescription Invalid condition id : UX DEVICE CLASS RTOS Condition cause : null
2024-10-05 12:04:07,148 [WARN] ConditionMgr:438 - getConditionDescription Invalid condition id : UX DEVICE CLASS RTOS Condition cause : null
2024-10-05 12:04:07,149 [WARN] PackLoader:240 - Cannot read IP mode file for STMicroelectronics.X-CUBE-AZRTOS-WB.2.0.0
2024-10-05 12:04:07,149 [WARN] ConditionMgr:1039 - genDependencies : Invalid condition id : UX DEVICE CLASS RTOS Condition cause : null
2024-10-05 12:04:07,149 [WARN] ConditionMgr:1039 - genDependencies : Invalid condition id : UX DEVICE CLASS RTOS Condition cause : null
2024-10-05 12:04:07,149 [WARN] ConditionMgr:1039 - genDependencies : Invalid condition id : UX DEVICE CLASS RTOS Condition cause : null
2024-10-05 12:04:07,149 [WARN] ConditionMgr:1039 - genDependencies : Invalid condition id : UX DEVICE CLASS RTOS Condition cause : null
2024-10-05 12:04:07,149 [WARN] ConditionMgr:1039 - genDependencies : Invalid condition id : UX DEVICE CLASS RTOS Condition cause : null
2024-10-05 12:04:07,154 [WARN] PackLoader:240 - Cannot read IP mode file for STMicroelectronics.X-CUBE-GNSS1.7.0.0
2024-10-05 12:04:07,158 [WARN] PackLoader:240 - Cannot read IP mode file for STMicroelectronics.FP-SNS-STBOX1.2.0.0
2024-10-05 12:04:07,166 [WARN] PackLoader:240 - Cannot read IP mode file for STMicroelectronics.X-CUBE-SUBG2.5.0.0
2024-10-05 12:04:07,171 [WARN] PackLoader:240 - Cannot read IP mode file for Cesanta.I-CUBE-Mongoose.7.13.0
2024-10-05 12:04:07,181 [WARN] PackLoader:240 - Cannot read IP mode file for STMicroelectronics.X-CUBE-AZRTOS-G4.2.0.0
2024-10-05 12:04:07,185 [WARN] PackLoader:240 - Cannot read IP mode file for STMicroelectronics.X-CUBE-ISPU.2.0.0
2024-10-05 12:04:07,188 [WARN] PackLoader:240 - Cannot read IP mode file for STMicroelectronics.X-CUBE-ALS.1.0.2
2024-10-05 12:04:07,197 [WARN] PackLoader:240 - Cannot read IP mode file for STMicroelectronics.X-CUBE-TOUCHGFX.4.24.0
2024-10-05 12:04:07,201 [WARN] PackLoader:240 - Cannot read IP mode file for STMicroelectronics.X-CUBE-TOUCHGFX.4.24.1
2024-10-05 12:04:07,206 [WARN] PackLoader:240 - Cannot read IP mode file for wolfSSL.I-CUBE-wolfTPM.3.4.0
2024-10-05 12:04:07,210 [WARN] PackLoader:240 - Cannot read IP mode file for portGmbH.I-Cube-SoM-uGOAL.1.1.0
2024-10-05 12:04:07,223 [WARN] PackLoader:240 - Cannot read IP mode file for STMicroelectronics.X-CUBE-AZRTOS-H7RS.1.0.0
2024-10-05 12:04:07,228 [WARN] PackLoader:240 - Cannot read IP mode file for STMicroelectronics.FP-ATR-ASTRA1.2.0.0
2024-10-05 12:04:07,232 [WARN] PackLoader:240 - Cannot read IP mode file for STMicroelectronics.X-CUBE-TOF1.3.4.2
2024-10-05 12:04:07,248 [WARN] PackLoader:240 - Cannot read IP mode file for Infineon.AIROC-Wi-Fi-Bluetooth-STM32.1.6.1
2024-10-05 12:04:07,252 [WARN] PackLoader:240 - Cannot read IP mode file for wolfSSL.I-CUBE-wolfSSH.1.4.17
2024-10-05 12:04:07,253 [INFO] ThirdParty:978 - Integrity check success = true
2024-10-05 12:04:07,253 [INFO] IntegrityCheckThread:100 - exiting critical section [integrity check]
2024-10-05 12:04:07,253 [INFO] IntegrityCheckThread:103 - End integrity checks thread
2024-10-05 12:04:08,979 [ERROR] LogOutputStream:75 - [STDERR_REDIRECT] 
2024-10-05 12:04:13,537 [INFO] Activator:176 - 


2024-10-05 12:04:13,540 [INFO] Activator:177 - !SESSION log4j initialized
2024-10-05 12:04:17,587 [INFO] LogOutputStream:77 - [STDOUT_REDIRECT] 
