2024-09-29 00:31:45,674 [ERROR] LogOutputStream:75 - [STDERR_REDIRECT] 
2024-09-29 18:48:29,426 [INFO] Activator:176 - 


2024-09-29 18:48:29,427 [INFO] Activator:177 - !SESSION log4j initialized
2024-09-29 18:48:34,464 [INFO] LogOutputStream:77 - [STDOUT_REDIRECT] 
2024-09-29 18:48:36,863 [INFO] ApplicationProperties:184 - Using Application install path: C:\ST\STM32CubeIDE_1.16.1\STM32CubeIDE\plugins\com.st.stm32cube.common.mx_6.12.1.202409122256
2024-09-29 18:48:36,893 [INFO] DbMcusXml:78 - Set database path to: C:\ST\STM32CubeIDE_1.16.1\STM32CubeIDE\plugins\com.st.stm32cube.common.mx_6.12.1.202409122256\\db\/mcu/
2024-09-29 18:48:36,893 [INFO] ApiDb:274 - Set plugin database path to: C:\ST\STM32CubeIDE_1.16.1\STM32CubeIDE\plugins\com.st.stm32cube.common.mx_6.12.1.202409122256\\db\/plugins/boardmanager/
2024-09-29 18:48:36,893 [WARN] ApiDb:259 - Overriding images path with different value:  => C:\ST\STM32CubeIDE_1.16.1\STM32CubeIDE\plugins\com.st.stm32cube.common.mx_6.12.1.202409122256\\db\/plugins/mcufinder/images/
2024-09-29 18:48:36,901 [INFO] ApiDb:250 - Set database path to: C:\Users\corre\.stmcufinder\plugins\mcufinder//mcu/
2024-09-29 18:48:36,904 [INFO] DbMcusAds:125 - Set database path to: C:\Users\corre\.stmcufinder\plugins\mcufinder//mcu/
2024-09-29 18:48:36,907 [INFO] CrossReferenceDbSqlite:203 - Set database path to: C:\Users\corre\.stmcufinder\plugins\mcufinder//mcu/cs/
2024-09-29 18:48:37,085 [INFO] RulesReader:64 - Compatibility file has been processed (297 Rules)
2024-09-29 18:48:37,237 [INFO] DbMcusXml:78 - Set database path to: C:\ST\STM32CubeIDE_1.16.1\STM32CubeIDE\plugins\com.st.stm32cube.common.mx_6.12.1.202409122256\\db\/mcu/
2024-09-29 18:48:37,238 [INFO] ApiDb:274 - Set plugin database path to: C:\ST\STM32CubeIDE_1.16.1\STM32CubeIDE\plugins\com.st.stm32cube.common.mx_6.12.1.202409122256\\db\/plugins/boardmanager/
2024-09-29 18:48:37,238 [INFO] ApiDb:261 - Set plugin images path to: C:\ST\STM32CubeIDE_1.16.1\STM32CubeIDE\plugins\com.st.stm32cube.common.mx_6.12.1.202409122256\\db\/plugins/mcufinder/images/
2024-09-29 18:48:37,238 [WARN] DbFile:41 - Overriding database path with different value: C:\Users\corre\.stmcufinder\plugins\mcufinder/ => C:\Users\corre\.stmcufinder\plugins\mcufinder
2024-09-29 18:48:37,238 [INFO] ApiDb:250 - Set database path to: C:\Users\corre\.stmcufinder\plugins\mcufinder//mcu/
2024-09-29 18:48:37,238 [WARN] DbFile:41 - Overriding database path with different value: C:\Users\corre\.stmcufinder\plugins\mcufinder/ => C:\Users\corre\.stmcufinder\plugins\mcufinder
2024-09-29 18:48:37,238 [INFO] DbMcusAds:125 - Set database path to: C:\Users\corre\.stmcufinder\plugins\mcufinder//mcu/
2024-09-29 18:48:37,239 [WARN] DbFile:41 - Overriding database path with different value: C:\Users\corre\.stmcufinder\plugins\mcufinder/ => C:\Users\corre\.stmcufinder\plugins\mcufinder
2024-09-29 18:48:37,239 [WARN] DbFile:41 - Overriding database path with different value: C:\Users\corre\.stmcufinder\plugins\mcufinder/ => C:\Users\corre\.stmcufinder\plugins\mcufinder
2024-09-29 18:48:37,239 [INFO] CrossReferenceDbSqlite:203 - Set database path to: C:\Users\corre\.stmcufinder\plugins\mcufinder//mcu/cs/
2024-09-29 18:48:37,358 [INFO] MainPanel:268 - HeapMemory: 268435456
2024-09-29 18:48:37,616 [INFO] DbMcusXml:78 - Set database path to: C:\ST\STM32CubeIDE_1.16.1\STM32CubeIDE\plugins\com.st.stm32cube.common.mx_6.12.1.202409122256\\db\/mcu/
2024-09-29 18:48:37,616 [INFO] ApiDb:274 - Set plugin database path to: C:\ST\STM32CubeIDE_1.16.1\STM32CubeIDE\plugins\com.st.stm32cube.common.mx_6.12.1.202409122256\\db\/plugins/boardmanager/
2024-09-29 18:48:37,616 [INFO] ApiDb:261 - Set plugin images path to: C:\ST\STM32CubeIDE_1.16.1\STM32CubeIDE\plugins\com.st.stm32cube.common.mx_6.12.1.202409122256\\db\/plugins/mcufinder/images/
2024-09-29 18:48:37,618 [WARN] DbFile:41 - Overriding database path with different value: C:\Users\corre\.stmcufinder\plugins\mcufinder/ => C:\Users\corre\.stmcufinder\plugins\mcufinder
2024-09-29 18:48:37,618 [INFO] ApiDb:250 - Set database path to: C:\Users\corre\.stmcufinder\plugins\mcufinder//mcu/
2024-09-29 18:48:37,618 [WARN] DbFile:41 - Overriding database path with different value: C:\Users\corre\.stmcufinder\plugins\mcufinder/ => C:\Users\corre\.stmcufinder\plugins\mcufinder
2024-09-29 18:48:37,618 [INFO] DbMcusAds:125 - Set database path to: C:\Users\corre\.stmcufinder\plugins\mcufinder//mcu/
2024-09-29 18:48:37,618 [WARN] DbFile:41 - Overriding database path with different value: C:\Users\corre\.stmcufinder\plugins\mcufinder/ => C:\Users\corre\.stmcufinder\plugins\mcufinder
2024-09-29 18:48:37,618 [WARN] DbFile:41 - Overriding database path with different value: C:\Users\corre\.stmcufinder\plugins\mcufinder/ => C:\Users\corre\.stmcufinder\plugins\mcufinder
2024-09-29 18:48:37,618 [INFO] CrossReferenceDbSqlite:203 - Set database path to: C:\Users\corre\.stmcufinder\plugins\mcufinder//mcu/cs/
2024-09-29 18:48:37,648 [INFO] ApplicationProperties:184 - Using Application install path: C:\ST\STM32CubeIDE_1.16.1\STM32CubeIDE\plugins\com.st.stm32cube.common.mx_6.12.1.202409122256
2024-09-29 18:48:37,651 [INFO] PluginManage:196 - Search for loadable plugins [exclusion list=, ]
2024-09-29 18:48:37,660 [INFO] PluginManage:310 - Check plugin analytics
2024-09-29 18:48:38,153 [INFO] AnalyticsPlugin:253 - Accepted Software Licenses: 
2024-09-29 18:48:38,154 [INFO] AnalyticsPlugin:255 - Accepted CMSIS Pack Licenses: 
2024-09-29 18:48:38,154 [INFO] AnalyticsPlugin:257 - Accepted Firmware Licenses: FW.F7.1.17.0
2024-09-29 18:48:38,158 [INFO] PluginManage:359 - Loaded plugin analytics (category:tool,tabindex:-1)
2024-09-29 18:48:38,159 [INFO] PluginManage:310 - Check plugin cadmodel
2024-09-29 18:48:38,182 [INFO] CADModel:105 - Init CAD model plugin
2024-09-29 18:48:38,182 [INFO] PluginManage:359 - Loaded plugin cadmodel (category:power,tabindex:5)
2024-09-29 18:48:38,182 [INFO] PluginManage:310 - Check plugin clock
2024-09-29 18:48:38,212 [INFO] PluginManage:359 - Loaded plugin clock (category:base,tabindex:2)
2024-09-29 18:48:38,213 [INFO] PluginManage:310 - Check plugin ddr
2024-09-29 18:48:38,219 [INFO] PluginManage:359 - Loaded plugin ddr (category:tool,tabindex:6)
2024-09-29 18:48:38,219 [INFO] PluginManage:310 - Check plugin filemanager
2024-09-29 18:48:38,611 [INFO] PluginManage:359 - Loaded plugin filemanager (category:base,tabindex:10)
2024-09-29 18:48:38,612 [INFO] PluginManage:310 - Check plugin ipmanager
2024-09-29 18:48:38,627 [INFO] PluginManage:359 - Loaded plugin ipmanager (category:base,tabindex:5)
2024-09-29 18:48:38,627 [INFO] PluginManage:310 - Check plugin lpbam
2024-09-29 18:48:38,655 [INFO] PluginManage:359 - Loaded plugin lpbam (category:base,tabindex:0)
2024-09-29 18:48:38,655 [INFO] PluginManage:310 - Check plugin memorymap
2024-09-29 18:48:38,712 [INFO] PluginManage:359 - Loaded plugin memorymap (category:base,tabindex:4)
2024-09-29 18:48:38,712 [INFO] PluginManage:310 - Check plugin pinoutandconfiguration
2024-09-29 18:48:38,749 [INFO] PluginManage:359 - Loaded plugin pinoutandconfiguration (category:base,tabindex:1)
2024-09-29 18:48:38,749 [INFO] PluginManage:310 - Check plugin pinoutconfig
2024-09-29 18:48:39,004 [WARN] SupportedApi:132 - Cannot load RTOS API schema: s4s-elt-must-match.1: The content of 'definitions' must match (annotation?, (simpleType | complexType)?, (unique | key | keyref)*)). A problem was found starting at: attribute.
2024-09-29 18:48:39,503 [INFO] PluginManage:359 - Loaded plugin pinoutconfig (category:base,tabindex:0)
2024-09-29 18:48:39,503 [INFO] PluginManage:310 - Check plugin power
2024-09-29 18:48:39,532 [INFO] PluginManage:359 - Loaded plugin power (category:power,tabindex:4)
2024-09-29 18:48:39,532 [INFO] PluginManage:310 - Check plugin projectmanager
2024-09-29 18:48:39,558 [INFO] PluginManage:359 - Loaded plugin projectmanager (category:projectmanager,tabindex:4)
2024-09-29 18:48:39,558 [INFO] PluginManage:310 - Check plugin rif
2024-09-29 18:48:39,581 [INFO] PluginManage:359 - Loaded plugin rif (category:base,tabindex:3)
2024-09-29 18:48:39,582 [INFO] PluginManage:310 - Check plugin thirdparty
2024-09-29 18:48:40,064 [WARN] IntegrityCheckThread:84 - waiting for thirdparty lock release [integrity check]
2024-09-29 18:48:40,064 [INFO] IntegrityCheckThread:86 - entering critical section [integrity check]
2024-09-29 18:48:40,065 [INFO] PluginManage:359 - Loaded plugin thirdparty (category:base,tabindex:-1)
2024-09-29 18:48:40,065 [INFO] PluginManage:310 - Check plugin tools
2024-09-29 18:48:40,065 [INFO] ThirdPartyUpdaterWithRetryManager:70 - Updater plugin not ready yet. [1/15]
2024-09-29 18:48:40,109 [INFO] PluginManage:359 - Loaded plugin tools (category:base,tabindex:7)
2024-09-29 18:48:40,109 [INFO] PluginManage:310 - Check plugin tutovideos
2024-09-29 18:48:40,580 [INFO] PluginManage:359 - Loaded plugin tutovideos (category:base,tabindex:-1)
2024-09-29 18:48:40,580 [INFO] PluginManage:310 - Check plugin updater
2024-09-29 18:48:40,602 [INFO] PluginManage:359 - Loaded plugin updater (category:base,tabindex:12)
2024-09-29 18:48:40,602 [INFO] PluginManage:310 - Check plugin userauth
2024-09-29 18:48:40,607 [INFO] UserAuth:113 - Init User Auth plugin
2024-09-29 18:48:40,607 [INFO] PluginManage:359 - Loaded plugin userauth (category:base,tabindex:14)
2024-09-29 18:48:40,608 [INFO] PluginManage:283 - PluginManage : Loaded plugins [18]
2024-09-29 18:48:40,800 [INFO] PinOutPanel:1561 - setPackage(No Configuration,No Configuration)
2024-09-29 18:48:40,869 [INFO] CADModel:165 - CPN selected for project level
2024-09-29 18:48:40,869 [INFO] CADModel:114 - Register for checkConnection events
2024-09-29 18:48:40,897 [INFO] IPUIPlugin:80 - create IPUIPlugin
2024-09-29 18:48:40,897 [INFO] PluginManager:220 - loadIPPluginJar : add adc
2024-09-29 18:48:40,940 [INFO] IPUIPlugin:80 - create IPUIPlugin
2024-09-29 18:48:40,940 [INFO] PluginManager:220 - loadIPPluginJar : add aes
2024-09-29 18:48:40,968 [INFO] IPUIPlugin:80 - create IPUIPlugin
2024-09-29 18:48:40,968 [INFO] PluginManager:220 - loadIPPluginJar : add can
2024-09-29 18:48:40,986 [INFO] IPUIPlugin:80 - create IPUIPlugin
2024-09-29 18:48:40,987 [INFO] PluginManager:220 - loadIPPluginJar : add comp
2024-09-29 18:48:41,011 [INFO] IPUIPlugin:80 - create IPUIPlugin
2024-09-29 18:48:41,012 [INFO] PluginManager:220 - loadIPPluginJar : add cryp
2024-09-29 18:48:41,021 [INFO] IPUIPlugin:80 - create IPUIPlugin
2024-09-29 18:48:41,021 [INFO] PluginManager:220 - loadIPPluginJar : add ddr_ctrl_phy
2024-09-29 18:48:41,045 [INFO] IPUIPlugin:80 - create IPUIPlugin
2024-09-29 18:48:41,045 [INFO] PluginManager:220 - loadIPPluginJar : add dfsdm
2024-09-29 18:48:41,057 [INFO] IPUIPlugin:80 - create IPUIPlugin
2024-09-29 18:48:41,057 [INFO] PluginManager:220 - loadIPPluginJar : add dma
2024-09-29 18:48:41,098 [INFO] IPUIPlugin:80 - create IPUIPlugin
2024-09-29 18:48:41,098 [INFO] PluginManager:220 - loadIPPluginJar : add dma3
2024-09-29 18:48:41,129 [INFO] IPUIPlugin:80 - create IPUIPlugin
2024-09-29 18:48:41,129 [INFO] PluginManager:220 - loadIPPluginJar : add extmemmanager
2024-09-29 18:48:41,152 [INFO] IPUIPlugin:80 - create IPUIPlugin
2024-09-29 18:48:41,152 [INFO] PluginManager:220 - loadIPPluginJar : add fatfs
2024-09-29 18:48:41,198 [INFO] IPUIPlugin:80 - create IPUIPlugin
2024-09-29 18:48:41,198 [INFO] PluginManager:220 - loadIPPluginJar : add fmc
2024-09-29 18:48:41,211 [INFO] IPUIPlugin:80 - create IPUIPlugin
2024-09-29 18:48:41,211 [INFO] PluginManager:220 - loadIPPluginJar : add freertos
2024-09-29 18:48:41,226 [INFO] IPUIPlugin:80 - create IPUIPlugin
2024-09-29 18:48:41,226 [INFO] PluginManager:220 - loadIPPluginJar : add genericplugin
2024-09-29 18:48:41,299 [INFO] IPUIPlugin:80 - create IPUIPlugin
2024-09-29 18:48:41,299 [INFO] PluginManager:220 - loadIPPluginJar : add gfxmmu
2024-09-29 18:48:41,405 [INFO] IPUIPlugin:80 - create IPUIPlugin
2024-09-29 18:48:41,405 [INFO] PluginManager:220 - loadIPPluginJar : add gic
2024-09-29 18:48:41,416 [INFO] IPUIPlugin:80 - create IPUIPlugin
2024-09-29 18:48:41,416 [INFO] PluginManager:220 - loadIPPluginJar : add gpio
2024-09-29 18:48:41,497 [INFO] IPUIPlugin:80 - create IPUIPlugin
2024-09-29 18:48:41,497 [INFO] PluginManager:220 - loadIPPluginJar : add gtzc
2024-09-29 18:48:41,538 [INFO] IPUIPlugin:80 - create IPUIPlugin
2024-09-29 18:48:41,538 [INFO] PluginManager:220 - loadIPPluginJar : add hash
2024-09-29 18:48:41,590 [INFO] IPUIPlugin:80 - create IPUIPlugin
2024-09-29 18:48:41,590 [INFO] PluginManager:220 - loadIPPluginJar : add i2c
2024-09-29 18:48:41,626 [INFO] IPUIPlugin:80 - create IPUIPlugin
2024-09-29 18:48:41,627 [INFO] PluginManager:220 - loadIPPluginJar : add i2s
2024-09-29 18:48:41,667 [INFO] IPUIPlugin:80 - create IPUIPlugin
2024-09-29 18:48:41,667 [INFO] PluginManager:220 - loadIPPluginJar : add i3c
2024-09-29 18:48:41,754 [INFO] IPUIPlugin:80 - create IPUIPlugin
2024-09-29 18:48:41,755 [INFO] PluginManager:220 - loadIPPluginJar : add ipddr
2024-09-29 18:48:41,854 [INFO] IPUIPlugin:80 - create IPUIPlugin
2024-09-29 18:48:41,855 [INFO] PluginManager:220 - loadIPPluginJar : add linkedlist
2024-09-29 18:48:41,884 [INFO] IPUIPlugin:80 - create IPUIPlugin
2024-09-29 18:48:41,884 [INFO] PluginManager:220 - loadIPPluginJar : add lorawan
2024-09-29 18:48:41,912 [INFO] IPUIPlugin:80 - create IPUIPlugin
2024-09-29 18:48:41,912 [INFO] PluginManager:220 - loadIPPluginJar : add ltdc
2024-09-29 18:48:41,924 [INFO] IPUIPlugin:80 - create IPUIPlugin
2024-09-29 18:48:41,924 [INFO] PluginManager:220 - loadIPPluginJar : add mdma
2024-09-29 18:48:41,933 [INFO] IPUIPlugin:80 - create IPUIPlugin
2024-09-29 18:48:41,933 [INFO] PluginManager:220 - loadIPPluginJar : add nvic
2024-09-29 18:48:41,959 [INFO] IPUIPlugin:80 - create IPUIPlugin
2024-09-29 18:48:41,959 [INFO] PluginManager:220 - loadIPPluginJar : add opamp
2024-09-29 18:48:42,014 [INFO] IPUIPlugin:80 - create IPUIPlugin
2024-09-29 18:48:42,014 [INFO] PluginManager:220 - loadIPPluginJar : add openamp
2024-09-29 18:48:42,047 [INFO] IPUIPlugin:80 - create IPUIPlugin
2024-09-29 18:48:42,047 [INFO] PluginManager:220 - loadIPPluginJar : add pdm2pcm
2024-09-29 18:48:42,061 [INFO] IPUIPlugin:80 - create IPUIPlugin
2024-09-29 18:48:42,062 [INFO] PluginManager:220 - loadIPPluginJar : add plateformsettings
2024-09-29 18:48:42,080 [INFO] IPUIPlugin:80 - create IPUIPlugin
2024-09-29 18:48:42,080 [INFO] PluginManager:220 - loadIPPluginJar : add quadspi
2024-09-29 18:48:42,104 [INFO] IPUIPlugin:80 - create IPUIPlugin
2024-09-29 18:48:42,104 [INFO] PluginManager:220 - loadIPPluginJar : add radio
2024-09-29 18:48:42,119 [INFO] IPUIPlugin:80 - create IPUIPlugin
2024-09-29 18:48:42,119 [INFO] PluginManager:220 - loadIPPluginJar : add resmgrutility
2024-09-29 18:48:42,162 [INFO] IPUIPlugin:80 - create IPUIPlugin
2024-09-29 18:48:42,162 [INFO] PluginManager:220 - loadIPPluginJar : add sai
2024-09-29 18:48:42,203 [INFO] IPUIPlugin:80 - create IPUIPlugin
2024-09-29 18:48:42,203 [INFO] PluginManager:220 - loadIPPluginJar : add spi
2024-09-29 18:48:42,259 [INFO] IPUIPlugin:80 - create IPUIPlugin
2024-09-29 18:48:42,259 [INFO] PluginManager:220 - loadIPPluginJar : add stm32_wpan
2024-09-29 18:48:42,291 [INFO] IPUIPlugin:80 - create IPUIPlugin
2024-09-29 18:48:42,291 [INFO] PluginManager:220 - loadIPPluginJar : add tim
2024-09-29 18:48:42,346 [INFO] IPUIPlugin:80 - create IPUIPlugin
2024-09-29 18:48:42,346 [INFO] PluginManager:220 - loadIPPluginJar : add touchsensing
2024-09-29 18:48:42,367 [INFO] IPUIPlugin:80 - create IPUIPlugin
2024-09-29 18:48:42,367 [INFO] PluginManager:220 - loadIPPluginJar : add tracer_emb
2024-09-29 18:48:42,383 [INFO] IPUIPlugin:80 - create IPUIPlugin
2024-09-29 18:48:42,383 [INFO] PluginManager:220 - loadIPPluginJar : add ts
2024-09-29 18:48:42,398 [INFO] IPUIPlugin:80 - create IPUIPlugin
2024-09-29 18:48:42,398 [INFO] PluginManager:220 - loadIPPluginJar : add tsc
2024-09-29 18:48:42,414 [INFO] IPUIPlugin:80 - create IPUIPlugin
2024-09-29 18:48:42,414 [INFO] PluginManager:220 - loadIPPluginJar : add ucpd
2024-09-29 18:48:42,445 [INFO] IPUIPlugin:80 - create IPUIPlugin
2024-09-29 18:48:42,445 [INFO] PluginManager:220 - loadIPPluginJar : add usart
2024-09-29 18:48:42,487 [INFO] IPUIPlugin:80 - create IPUIPlugin
2024-09-29 18:48:42,487 [INFO] PluginManager:220 - loadIPPluginJar : add usbx
2024-09-29 18:48:42,613 [INFO] CADModel:165 - CPN selected for project level
2024-09-29 18:48:42,613 [INFO] CADModel:114 - Register for checkConnection events
2024-09-29 18:48:42,613 [FATAL] Updater:334 - Updater called before beeing initialized
2024-09-29 18:48:42,613 [ERROR] CADModel:125 - Updater not yet initialized, retry later 
2024-09-29 18:48:42,769 [INFO] CADModel:165 - CPN selected for project level
2024-09-29 18:48:42,770 [INFO] CADModel:114 - Register for checkConnection events
2024-09-29 18:48:42,770 [FATAL] Updater:334 - Updater called before beeing initialized
2024-09-29 18:48:42,770 [ERROR] CADModel:125 - Updater not yet initialized, retry later 
2024-09-29 18:48:42,774 [FATAL] Updater:334 - Updater called before beeing initialized
2024-09-29 18:48:42,878 [FATAL] Updater:334 - Updater called before beeing initialized
2024-09-29 18:48:42,884 [INFO] DbMcusAds:53 - JSON generation date=Fri Sep 20 09:04:23 EDT 2024 (1726837463113)
2024-09-29 18:48:42,885 [FATAL] Updater:334 - Updater called before beeing initialized
2024-09-29 18:48:42,914 [WARN] DetailPanel:346 - Failed to get advertising image, set to default
2024-09-29 18:48:42,972 [FATAL] Updater:334 - Updater called before beeing initialized
2024-09-29 18:48:42,973 [FATAL] Updater:334 - Updater called before beeing initialized
2024-09-29 18:48:42,973 [FATAL] Updater:334 - Updater called before beeing initialized
2024-09-29 18:48:42,973 [WARN] DetailPanel:346 - Failed to get advertising image, set to default
2024-09-29 18:48:42,974 [FATAL] Updater:334 - Updater called before beeing initialized
2024-09-29 18:48:43,067 [INFO] ThirdPartyUpdaterWithRetryManager:70 - Updater plugin not ready yet. [2/15]
2024-09-29 18:48:43,069 [ERROR] Updater:1164 - MainUpdater not yet initialized. External WinMGr cannot be set.
2024-09-29 18:48:43,083 [INFO] Updater:1100 - Updater Version found : 6.12.1
2024-09-29 18:48:43,126 [INFO] ApplicationProperties:184 - Using Application install path: C:\ST\STM32CubeIDE_1.16.1\STM32CubeIDE\plugins\com.st.stm32cube.common.mx_6.12.1.202409122256
2024-09-29 18:48:44,707 [ERROR] LogOutputStream:75 - [STDERR_REDIRECT] Sep 29, 2024 6:48:44 PM java.util.prefs.WindowsPreferences <init>
2024-09-29 18:48:44,709 [ERROR] LogOutputStream:75 - [STDERR_REDIRECT] WARNING: Could not open/create prefs root node Software\JavaSoft\Prefs at root 0xffffffff80000002. Windows RegCreateKeyEx(...) returned error code 5.
2024-09-29 18:48:44,709 [ERROR] LogOutputStream:75 - [STDERR_REDIRECT] 
2024-09-29 18:48:45,151 [INFO] MainUpdater:2873 - connection check result : 10
2024-09-29 18:48:45,152 [INFO] MainUpdater:290 - Updater Check For Update Now.
2024-09-29 18:48:45,152 [INFO] MicroXplorer:498 - Change Database Version : DB.6.0.121
2024-09-29 18:48:45,195 [INFO] McuFinderGlobals:63 - Set McuFinder mode to 2 (CubeIDE integrated)
2024-09-29 18:48:45,218 [INFO] UserAuth:417 - Internet connection configuration mode: 1
2024-09-29 18:48:45,263 [INFO] JxBrowserEngine:152 - Initiate JxBrowser Engine with user profile folder
2024-09-29 18:48:45,403 [INFO] CheckServerUpdateThread:120 - End of CheckServer Thread
2024-09-29 18:48:46,384 [WARN] PackLoader:240 - Cannot read IP mode file for STMicroelectronics.FP-SNS-MOTENVWB1.1.4.0
2024-09-29 18:48:46,407 [WARN] PackLoader:240 - Cannot read IP mode file for STMicroelectronics.X-CUBE-SMBUS.2.1.0
2024-09-29 18:48:46,446 [WARN] PackLoader:240 - Cannot read IP mode file for STMicroelectronics.X-CUBE-AZRTOS-F7.1.1.0
2024-09-29 18:48:46,516 [WARN] PackLoader:240 - Cannot read IP mode file for STMicroelectronics.X-CUBE-MEMS1.11.0.0
2024-09-29 18:48:46,656 [WARN] PackLoader:240 - Cannot read IP mode file for STMicroelectronics.FP-SNS-FLIGHT1.5.0.2
2024-09-29 18:48:46,675 [WARN] PackLoader:240 - Cannot read IP mode file for STMicroelectronics.X-CUBE-DISPLAY.3.0.0
2024-09-29 18:48:46,691 [WARN] PackLoader:240 - Cannot read IP mode file for STMicroelectronics.X-CUBE-BLE1.7.0.0
2024-09-29 18:48:46,706 [WARN] PackLoader:240 - Cannot read IP mode file for STMicroelectronics.X-CUBE-NFC10.1.0.0
2024-09-29 18:48:46,724 [WARN] PackLoader:240 - Cannot read IP mode file for emotas.I-CUBE-CANOPEN.1.3.0
2024-09-29 18:48:46,748 [WARN] PackLoader:240 - Cannot read IP mode file for STMicroelectronics.X-CUBE-BLEMGR.3.1.0
2024-09-29 18:48:46,766 [WARN] PackLoader:240 - Cannot read IP mode file for STMicroelectronics.FP-SNS-SMARTAG2.1.2.0
2024-09-29 18:48:46,783 [INFO] LogOutputStream:77 - [STDOUT_REDIRECT] 1 : Invalid condition id : UX_CORESTACK_Condition cause : null
2024-09-29 18:48:46,784 [INFO] LogOutputStream:77 - [STDOUT_REDIRECT] 1 : Invalid condition id : UX_CORESTACK_Condition cause : null
2024-09-29 18:48:46,785 [INFO] LogOutputStream:77 - [STDOUT_REDIRECT] 1 : Invalid condition id : UX_CORESTACK_Condition cause : null
2024-09-29 18:48:46,785 [INFO] LogOutputStream:77 - [STDOUT_REDIRECT] 1 : Invalid condition id : UX_CORESTACK_Condition cause : null
2024-09-29 18:48:46,786 [INFO] LogOutputStream:77 - [STDOUT_REDIRECT] 1 : Invalid condition id : UX_CORESTACK_Condition cause : null
2024-09-29 18:48:46,789 [WARN] PackLoader:240 - Cannot read IP mode file for STMicroelectronics.X-CUBE-AZRTOS-WL.2.0.0
2024-09-29 18:48:46,802 [WARN] PackLoader:240 - Cannot read IP mode file for STMicroelectronics.FP-SNS-MOTENV1.5.0.0
2024-09-29 18:48:46,819 [WARN] PackLoader:240 - Cannot read IP mode file for wolfSSL.I-CUBE-wolfMQTT.1.19.0
2024-09-29 18:48:46,833 [WARN] PackLoader:240 - Cannot read IP mode file for WES.I-CUBE-Cesium.1.3.0
2024-09-29 18:48:46,846 [WARN] PackLoader:240 - Cannot read IP mode file for STMicroelectronics.X-CUBE-BLE2.3.3.0
2024-09-29 18:48:46,861 [WARN] PackLoader:240 - Cannot read IP mode file for STMicroelectronics.X-CUBE-NFC9.1.0.0
2024-09-29 18:48:46,875 [WARN] PackLoader:240 - Cannot read IP mode file for STMicroelectronics.X-CUBE-TCPP.4.1.0
2024-09-29 18:48:46,901 [WARN] PackLoader:240 - Cannot read IP mode file for STMicroelectronics.X-CUBE-AZRTOS-G0.1.1.0
2024-09-29 18:48:46,915 [WARN] PackLoader:240 - Cannot read IP mode file for STMicroelectronics.X-CUBE-SAFEA1.1.2.2
2024-09-29 18:48:46,930 [WARN] PackLoader:240 - Cannot read IP mode file for STMicroelectronics.X-CUBE-NFC4.3.0.0
2024-09-29 18:48:46,954 [WARN] PackLoader:240 - Cannot read IP mode file for EmbeddedOffice.I-CUBE-FS-RTOS.1.0.1
2024-09-29 18:48:46,954 [ERROR] ConditionMgr:805 - Attr not supported : Dmpu
2024-09-29 18:48:46,954 [ERROR] ConditionMgr:805 - Attr not supported : Dmpu
2024-09-29 18:48:46,954 [ERROR] ConditionMgr:805 - Attr not supported : Dmpu
2024-09-29 18:48:46,954 [ERROR] ConditionMgr:805 - Attr not supported : Dmpu
2024-09-29 18:48:46,954 [ERROR] ConditionMgr:805 - Attr not supported : Dmpu
2024-09-29 18:48:46,954 [ERROR] ConditionMgr:805 - Attr not supported : Dmpu
2024-09-29 18:48:46,954 [ERROR] ConditionMgr:805 - Attr not supported : Dmpu
2024-09-29 18:48:46,954 [ERROR] ConditionMgr:805 - Attr not supported : Dmpu
2024-09-29 18:48:46,954 [ERROR] ConditionMgr:805 - Attr not supported : Dmpu
2024-09-29 18:48:46,954 [ERROR] ConditionMgr:805 - Attr not supported : Dmpu
2024-09-29 18:48:46,954 [ERROR] ConditionMgr:805 - Attr not supported : Dmpu
2024-09-29 18:48:46,955 [ERROR] ConditionMgr:805 - Attr not supported : Dmpu
2024-09-29 18:48:46,955 [ERROR] ConditionMgr:805 - Attr not supported : Dmpu
2024-09-29 18:48:46,955 [ERROR] ConditionMgr:805 - Attr not supported : Dmpu
2024-09-29 18:48:46,955 [ERROR] ConditionMgr:805 - Attr not supported : Dmpu
2024-09-29 18:48:46,955 [ERROR] ConditionMgr:805 - Attr not supported : Dmpu
2024-09-29 18:48:46,955 [ERROR] ConditionMgr:805 - Attr not supported : Dmpu
2024-09-29 18:48:46,955 [ERROR] ConditionMgr:805 - Attr not supported : Dmpu
2024-09-29 18:48:46,955 [ERROR] ConditionMgr:805 - Attr not supported : Dmpu
2024-09-29 18:48:46,955 [ERROR] ConditionMgr:805 - Attr not supported : Dmpu
2024-09-29 18:48:46,955 [ERROR] ConditionMgr:805 - Attr not supported : Dmpu
2024-09-29 18:48:46,955 [ERROR] ConditionMgr:805 - Attr not supported : Dmpu
2024-09-29 18:48:46,955 [ERROR] ConditionMgr:805 - Attr not supported : Dmpu
2024-09-29 18:48:46,955 [ERROR] ConditionMgr:805 - Attr not supported : Dmpu
2024-09-29 18:48:46,955 [ERROR] ConditionMgr:805 - Attr not supported : Dmpu
2024-09-29 18:48:46,955 [ERROR] ConditionMgr:805 - Attr not supported : Dmpu
2024-09-29 18:48:46,955 [ERROR] ConditionMgr:805 - Attr not supported : Dmpu
2024-09-29 18:48:46,955 [ERROR] ConditionMgr:805 - Attr not supported : Dmpu
2024-09-29 18:48:46,955 [ERROR] ConditionMgr:805 - Attr not supported : Dmpu
2024-09-29 18:48:46,955 [ERROR] ConditionMgr:805 - Attr not supported : Dmpu
2024-09-29 18:48:46,955 [ERROR] ConditionMgr:805 - Attr not supported : Dmpu
2024-09-29 18:48:46,955 [ERROR] ConditionMgr:805 - Attr not supported : Dmpu
2024-09-29 18:48:46,956 [ERROR] ConditionMgr:805 - Attr not supported : Dmpu
2024-09-29 18:48:46,956 [ERROR] ConditionMgr:805 - Attr not supported : Dmpu
2024-09-29 18:48:46,956 [ERROR] ConditionMgr:805 - Attr not supported : Dmpu
2024-09-29 18:48:46,956 [ERROR] ConditionMgr:805 - Attr not supported : Dmpu
2024-09-29 18:48:46,956 [ERROR] ConditionMgr:805 - Attr not supported : Dmpu
2024-09-29 18:48:46,956 [ERROR] ConditionMgr:805 - Attr not supported : Dmpu
2024-09-29 18:48:46,956 [ERROR] ConditionMgr:805 - Attr not supported : Dmpu
2024-09-29 18:48:46,956 [ERROR] ConditionMgr:805 - Attr not supported : Dmpu
2024-09-29 18:48:46,956 [ERROR] ConditionMgr:805 - Attr not supported : Dmpu
2024-09-29 18:48:46,956 [ERROR] ConditionMgr:805 - Attr not supported : Dmpu
2024-09-29 18:48:46,956 [ERROR] ConditionMgr:805 - Attr not supported : Dmpu
2024-09-29 18:48:46,956 [ERROR] ConditionMgr:805 - Attr not supported : Dmpu
2024-09-29 18:48:46,956 [ERROR] ConditionMgr:805 - Attr not supported : Dmpu
2024-09-29 18:48:46,957 [ERROR] ConditionMgr:805 - Attr not supported : Dmpu
2024-09-29 18:48:46,957 [ERROR] ConditionMgr:805 - Attr not supported : Dmpu
2024-09-29 18:48:46,957 [ERROR] ConditionMgr:805 - Attr not supported : Dmpu
2024-09-29 18:48:46,957 [ERROR] ConditionMgr:805 - Attr not supported : Dmpu
2024-09-29 18:48:46,957 [ERROR] ConditionMgr:805 - Attr not supported : Dmpu
2024-09-29 18:48:46,957 [ERROR] ConditionMgr:805 - Attr not supported : Dmpu
2024-09-29 18:48:46,957 [ERROR] ConditionMgr:805 - Attr not supported : Dmpu
2024-09-29 18:48:46,957 [ERROR] ConditionMgr:805 - Attr not supported : Dmpu
2024-09-29 18:48:46,957 [ERROR] ConditionMgr:805 - Attr not supported : Dmpu
2024-09-29 18:48:46,957 [ERROR] ConditionMgr:805 - Attr not supported : Dmpu
2024-09-29 18:48:46,957 [ERROR] ConditionMgr:805 - Attr not supported : Dmpu
2024-09-29 18:48:46,957 [ERROR] ConditionMgr:805 - Attr not supported : Dmpu
2024-09-29 18:48:46,957 [ERROR] ConditionMgr:805 - Attr not supported : Dmpu
2024-09-29 18:48:46,958 [ERROR] ConditionMgr:805 - Attr not supported : Dmpu
2024-09-29 18:48:46,958 [ERROR] ConditionMgr:805 - Attr not supported : Dmpu
2024-09-29 18:48:46,958 [ERROR] ConditionMgr:805 - Attr not supported : Dmpu
2024-09-29 18:48:46,958 [ERROR] ConditionMgr:805 - Attr not supported : Dmpu
2024-09-29 18:48:46,958 [ERROR] ConditionMgr:805 - Attr not supported : Dmpu
2024-09-29 18:48:46,958 [ERROR] ConditionMgr:805 - Attr not supported : Dmpu
2024-09-29 18:48:46,973 [WARN] PackLoader:240 - Cannot read IP mode file for RealThread.X-CUBE-RT-Thread_Nano.4.1.1
2024-09-29 18:48:46,989 [WARN] PackLoader:240 - Cannot read IP mode file for STMicroelectronics.FP-ATR-SIGFOX1.3.2.0
2024-09-29 18:48:47,002 [WARN] PackLoader:240 - Cannot read IP mode file for wolfSSL.I-CUBE-wolfSSL.5.7.2
2024-09-29 18:48:47,016 [WARN] PackLoader:240 - Cannot read IP mode file for STMicroelectronics.X-CUBE-EEPRMA1.5.1.0
2024-09-29 18:48:47,029 [WARN] PackLoader:240 - Cannot read IP mode file for ITTIA_DB.I-CUBE-ITTIADB.8.9.0
2024-09-29 18:48:47,054 [WARN] PackLoader:240 - Cannot read IP mode file for SEGGER.I-CUBE-embOS.1.3.1
2024-09-29 18:48:47,079 [WARN] PackLoader:240 - Cannot read IP mode file for STMicroelectronics.X-CUBE-ALGOBUILD.1.4.0
2024-09-29 18:48:47,103 [WARN] PackLoader:240 - Cannot read IP mode file for STMicroelectronics.X-CUBE-AZRTOS-F4.1.1.0
2024-09-29 18:48:47,117 [WARN] PackLoader:240 - Cannot read IP mode file for STMicroelectronics.X-CUBE-ISPU.2.1.0
2024-09-29 18:48:47,129 [WARN] PackLoader:240 - Cannot read IP mode file for STMicroelectronics.X-CUBE-FREERTOS.1.2.0
2024-09-29 18:48:47,150 [WARN] PackLoader:240 - Cannot read IP mode file for STMicroelectronics.X-CUBE-AZRTOS-L5.2.0.0
2024-09-29 18:48:47,172 [WARN] PackLoader:240 - Cannot read IP mode file for STMicroelectronics.X-CUBE-NFC6.3.1.0
2024-09-29 18:48:47,202 [WARN] PackLoader:240 - Cannot read IP mode file for STMicroelectronics.X-CUBE-DPower.1.2.0
2024-09-29 18:48:47,220 [WARN] PackLoader:240 - Cannot read IP mode file for STMicroelectronics.X-CUBE-AI.9.0.0
2024-09-29 18:48:47,232 [WARN] PackLoader:240 - Cannot read IP mode file for STMicroelectronics.X-CUBE-NFC7.1.0.1
2024-09-29 18:48:47,253 [WARN] ConditionMgr:438 - getConditionDescription Invalid condition id : LAN8742 Phy interface Condition cause : null
2024-09-29 18:48:47,253 [WARN] PackLoader:240 - Cannot read IP mode file for STMicroelectronics.X-CUBE-AZRTOS-L4.2.0.0
2024-09-29 18:48:47,254 [WARN] ConditionMgr:1039 - genDependencies : Invalid condition id : LAN8742 Phy interface Condition cause : null
2024-09-29 18:48:47,254 [WARN] ConditionMgr:1039 - genDependencies : Invalid condition id : LAN8742 Phy interface Condition cause : null
2024-09-29 18:48:47,254 [WARN] ConditionMgr:1039 - genDependencies : Invalid condition id : LAN8742 Phy interface Condition cause : null
2024-09-29 18:48:47,268 [WARN] PackLoader:240 - Cannot read IP mode file for STMicroelectronics.X-CUBE-SFXS2LP1.4.0.0
2024-09-29 18:48:47,290 [WARN] PackLoader:240 - Cannot read IP mode file for STMicroelectronics.X-CUBE-AZRTOS-H7.3.3.0
2024-09-29 18:48:47,311 [WARN] ConditionMgr:438 - getConditionDescription Invalid condition id : UX DEVICE CLASS RTOS Condition cause : null
2024-09-29 18:48:47,311 [WARN] ConditionMgr:438 - getConditionDescription Invalid condition id : UX DEVICE CLASS RTOS Condition cause : null
2024-09-29 18:48:47,312 [WARN] PackLoader:240 - Cannot read IP mode file for STMicroelectronics.X-CUBE-AZRTOS-WB.2.0.0
2024-09-29 18:48:47,314 [WARN] ConditionMgr:1039 - genDependencies : Invalid condition id : UX DEVICE CLASS RTOS Condition cause : null
2024-09-29 18:48:47,314 [WARN] ConditionMgr:1039 - genDependencies : Invalid condition id : UX DEVICE CLASS RTOS Condition cause : null
2024-09-29 18:48:47,314 [WARN] ConditionMgr:1039 - genDependencies : Invalid condition id : UX DEVICE CLASS RTOS Condition cause : null
2024-09-29 18:48:47,314 [WARN] ConditionMgr:1039 - genDependencies : Invalid condition id : UX DEVICE CLASS RTOS Condition cause : null
2024-09-29 18:48:47,314 [WARN] ConditionMgr:1039 - genDependencies : Invalid condition id : UX DEVICE CLASS RTOS Condition cause : null
2024-09-29 18:48:47,326 [WARN] PackLoader:240 - Cannot read IP mode file for STMicroelectronics.X-CUBE-GNSS1.7.0.0
2024-09-29 18:48:47,341 [WARN] PackLoader:240 - Cannot read IP mode file for STMicroelectronics.FP-SNS-STBOX1.2.0.0
2024-09-29 18:48:47,359 [WARN] PackLoader:240 - Cannot read IP mode file for STMicroelectronics.X-CUBE-SUBG2.5.0.0
2024-09-29 18:48:47,372 [WARN] PackLoader:240 - Cannot read IP mode file for Cesanta.I-CUBE-Mongoose.7.13.0
2024-09-29 18:48:47,387 [WARN] PackLoader:240 - Cannot read IP mode file for STMicroelectronics.X-CUBE-AZRTOS-G4.2.0.0
2024-09-29 18:48:47,402 [WARN] PackLoader:240 - Cannot read IP mode file for STMicroelectronics.X-CUBE-ISPU.2.0.0
2024-09-29 18:48:47,420 [WARN] PackLoader:240 - Cannot read IP mode file for STMicroelectronics.X-CUBE-ALS.1.0.2
2024-09-29 18:48:47,436 [WARN] PackLoader:240 - Cannot read IP mode file for STMicroelectronics.X-CUBE-TOUCHGFX.4.24.0
2024-09-29 18:48:47,448 [WARN] PackLoader:240 - Cannot read IP mode file for STMicroelectronics.X-CUBE-TOUCHGFX.4.24.1
2024-09-29 18:48:47,462 [WARN] PackLoader:240 - Cannot read IP mode file for wolfSSL.I-CUBE-wolfTPM.3.4.0
2024-09-29 18:48:47,473 [WARN] PackLoader:240 - Cannot read IP mode file for portGmbH.I-Cube-SoM-uGOAL.1.1.0
2024-09-29 18:48:47,496 [WARN] PackLoader:240 - Cannot read IP mode file for STMicroelectronics.X-CUBE-AZRTOS-H7RS.1.0.0
2024-09-29 18:48:47,530 [WARN] PackLoader:240 - Cannot read IP mode file for STMicroelectronics.FP-ATR-ASTRA1.2.0.0
2024-09-29 18:48:47,564 [WARN] PackLoader:240 - Cannot read IP mode file for STMicroelectronics.X-CUBE-TOF1.3.4.2
2024-09-29 18:48:47,612 [WARN] PackLoader:240 - Cannot read IP mode file for Infineon.AIROC-Wi-Fi-Bluetooth-STM32.1.6.1
2024-09-29 18:48:47,633 [WARN] PackLoader:240 - Cannot read IP mode file for wolfSSL.I-CUBE-wolfSSH.1.4.17
2024-09-29 18:48:47,636 [INFO] ThirdParty:978 - Integrity check success = true
2024-09-29 18:48:47,636 [INFO] IntegrityCheckThread:100 - exiting critical section [integrity check]
2024-09-29 18:48:47,636 [INFO] IntegrityCheckThread:103 - End integrity checks thread
2024-09-29 18:48:49,113 [INFO] WebApp:167 - Instantiating new browser for Auth
2024-09-29 18:48:49,917 [INFO] WebApp:448 - Apply proxy settings
2024-09-29 18:48:49,917 [INFO] WebApp:533 - Chromium requires no authentication
2024-09-29 18:48:49,931 [INFO] WebApp:476 - Direct internet connection detected
2024-09-29 18:48:49,960 [INFO] WebApp:869 - Register for checkConnection events
2024-09-29 18:48:49,960 [INFO] WebApp:448 - Apply proxy settings
2024-09-29 18:48:49,960 [INFO] WebApp:533 - Chromium requires no authentication
2024-09-29 18:48:49,960 [INFO] WebApp:476 - Direct internet connection detected
2024-09-29 18:48:50,140 [INFO] WebApp:220 - Starting web application
2024-09-29 18:48:50,140 [INFO] WebApp:578 - Web application path used C:\ST\STM32CubeIDE_1.16.1\STM32CubeIDE\plugins\com.st.stm32cube.common.mx_6.12.1.202409122256\db\plugins\mcufinder\reactClient1\index.html
2024-09-29 18:48:50,276 [INFO] UserAuth:417 - Internet connection configuration mode: 1
2024-09-29 18:48:50,321 [INFO] WebApp:186 - Connection restablished
2024-09-29 18:51:10,823 [INFO] WebApp:189 - Connection lost
2024-09-29 18:51:10,941 [INFO] WebApp:186 - Connection restablished
2024-09-29 18:51:12,882 [INFO] WebApp:189 - Connection lost
2024-09-29 18:51:12,987 [INFO] WebApp:186 - Connection restablished
2024-09-29 21:07:57,622 [ERROR] LogOutputStream:75 - [STDERR_REDIRECT] 
