2024-10-01 12:38:51,358 [INFO] Activator:176 - 


2024-10-01 12:38:51,362 [INFO] Activator:177 - !SESSION log4j initialized
2024-10-01 12:38:57,988 [INFO] LogOutputStream:77 - [STDOUT_REDIRECT] 
2024-10-01 12:39:00,268 [INFO] ApplicationProperties:184 - Using Application install path: C:\ST\STM32CubeIDE_1.16.1\STM32CubeIDE\plugins\com.st.stm32cube.common.mx_6.12.1.202409122256
2024-10-01 12:39:00,279 [INFO] DbMcusXml:78 - Set database path to: C:\ST\STM32CubeIDE_1.16.1\STM32CubeIDE\plugins\com.st.stm32cube.common.mx_6.12.1.202409122256\\db\/mcu/
2024-10-01 12:39:00,279 [INFO] ApiDb:274 - Set plugin database path to: C:\ST\STM32CubeIDE_1.16.1\STM32CubeIDE\plugins\com.st.stm32cube.common.mx_6.12.1.202409122256\\db\/plugins/boardmanager/
2024-10-01 12:39:00,280 [WARN] ApiDb:259 - Overriding images path with different value:  => C:\ST\STM32CubeIDE_1.16.1\STM32CubeIDE\plugins\com.st.stm32cube.common.mx_6.12.1.202409122256\\db\/plugins/mcufinder/images/
2024-10-01 12:39:00,285 [INFO] ApiDb:250 - Set database path to: C:\Users\corre\.stmcufinder\plugins\mcufinder//mcu/
2024-10-01 12:39:00,286 [INFO] DbMcusAds:125 - Set database path to: C:\Users\corre\.stmcufinder\plugins\mcufinder//mcu/
2024-10-01 12:39:00,287 [INFO] CrossReferenceDbSqlite:203 - Set database path to: C:\Users\corre\.stmcufinder\plugins\mcufinder//mcu/cs/
2024-10-01 12:39:00,392 [INFO] RulesReader:64 - Compatibility file has been processed (297 Rules)
2024-10-01 12:39:00,474 [INFO] DbMcusXml:78 - Set database path to: C:\ST\STM32CubeIDE_1.16.1\STM32CubeIDE\plugins\com.st.stm32cube.common.mx_6.12.1.202409122256\\db\/mcu/
2024-10-01 12:39:00,474 [INFO] ApiDb:274 - Set plugin database path to: C:\ST\STM32CubeIDE_1.16.1\STM32CubeIDE\plugins\com.st.stm32cube.common.mx_6.12.1.202409122256\\db\/plugins/boardmanager/
2024-10-01 12:39:00,474 [INFO] ApiDb:261 - Set plugin images path to: C:\ST\STM32CubeIDE_1.16.1\STM32CubeIDE\plugins\com.st.stm32cube.common.mx_6.12.1.202409122256\\db\/plugins/mcufinder/images/
2024-10-01 12:39:00,474 [WARN] DbFile:41 - Overriding database path with different value: C:\Users\corre\.stmcufinder\plugins\mcufinder/ => C:\Users\corre\.stmcufinder\plugins\mcufinder
2024-10-01 12:39:00,474 [INFO] ApiDb:250 - Set database path to: C:\Users\corre\.stmcufinder\plugins\mcufinder//mcu/
2024-10-01 12:39:00,474 [WARN] DbFile:41 - Overriding database path with different value: C:\Users\corre\.stmcufinder\plugins\mcufinder/ => C:\Users\corre\.stmcufinder\plugins\mcufinder
2024-10-01 12:39:00,474 [INFO] DbMcusAds:125 - Set database path to: C:\Users\corre\.stmcufinder\plugins\mcufinder//mcu/
2024-10-01 12:39:00,475 [WARN] DbFile:41 - Overriding database path with different value: C:\Users\corre\.stmcufinder\plugins\mcufinder/ => C:\Users\corre\.stmcufinder\plugins\mcufinder
2024-10-01 12:39:00,475 [WARN] DbFile:41 - Overriding database path with different value: C:\Users\corre\.stmcufinder\plugins\mcufinder/ => C:\Users\corre\.stmcufinder\plugins\mcufinder
2024-10-01 12:39:00,475 [INFO] CrossReferenceDbSqlite:203 - Set database path to: C:\Users\corre\.stmcufinder\plugins\mcufinder//mcu/cs/
2024-10-01 12:39:00,534 [INFO] MainPanel:268 - HeapMemory: 268435456
2024-10-01 12:39:00,610 [INFO] DbMcusXml:78 - Set database path to: C:\ST\STM32CubeIDE_1.16.1\STM32CubeIDE\plugins\com.st.stm32cube.common.mx_6.12.1.202409122256\\db\/mcu/
2024-10-01 12:39:00,610 [INFO] ApiDb:274 - Set plugin database path to: C:\ST\STM32CubeIDE_1.16.1\STM32CubeIDE\plugins\com.st.stm32cube.common.mx_6.12.1.202409122256\\db\/plugins/boardmanager/
2024-10-01 12:39:00,610 [INFO] ApiDb:261 - Set plugin images path to: C:\ST\STM32CubeIDE_1.16.1\STM32CubeIDE\plugins\com.st.stm32cube.common.mx_6.12.1.202409122256\\db\/plugins/mcufinder/images/
2024-10-01 12:39:00,610 [WARN] DbFile:41 - Overriding database path with different value: C:\Users\corre\.stmcufinder\plugins\mcufinder/ => C:\Users\corre\.stmcufinder\plugins\mcufinder
2024-10-01 12:39:00,610 [INFO] ApiDb:250 - Set database path to: C:\Users\corre\.stmcufinder\plugins\mcufinder//mcu/
2024-10-01 12:39:00,610 [WARN] DbFile:41 - Overriding database path with different value: C:\Users\corre\.stmcufinder\plugins\mcufinder/ => C:\Users\corre\.stmcufinder\plugins\mcufinder
2024-10-01 12:39:00,610 [INFO] DbMcusAds:125 - Set database path to: C:\Users\corre\.stmcufinder\plugins\mcufinder//mcu/
2024-10-01 12:39:00,610 [WARN] DbFile:41 - Overriding database path with different value: C:\Users\corre\.stmcufinder\plugins\mcufinder/ => C:\Users\corre\.stmcufinder\plugins\mcufinder
2024-10-01 12:39:00,610 [WARN] DbFile:41 - Overriding database path with different value: C:\Users\corre\.stmcufinder\plugins\mcufinder/ => C:\Users\corre\.stmcufinder\plugins\mcufinder
2024-10-01 12:39:00,610 [INFO] CrossReferenceDbSqlite:203 - Set database path to: C:\Users\corre\.stmcufinder\plugins\mcufinder//mcu/cs/
2024-10-01 12:39:00,622 [INFO] ApplicationProperties:184 - Using Application install path: C:\ST\STM32CubeIDE_1.16.1\STM32CubeIDE\plugins\com.st.stm32cube.common.mx_6.12.1.202409122256
2024-10-01 12:39:00,623 [INFO] PluginManage:196 - Search for loadable plugins [exclusion list=, ]
2024-10-01 12:39:00,624 [INFO] PluginManage:310 - Check plugin analytics
2024-10-01 12:39:00,777 [INFO] AnalyticsPlugin:253 - Accepted Software Licenses: 
2024-10-01 12:39:00,777 [INFO] AnalyticsPlugin:255 - Accepted CMSIS Pack Licenses: 
2024-10-01 12:39:00,777 [INFO] AnalyticsPlugin:257 - Accepted Firmware Licenses: FW.F7.1.17.0
2024-10-01 12:39:00,783 [INFO] PluginManage:359 - Loaded plugin analytics (category:tool,tabindex:-1)
2024-10-01 12:39:00,784 [INFO] PluginManage:310 - Check plugin cadmodel
2024-10-01 12:39:00,796 [INFO] CADModel:105 - Init CAD model plugin
2024-10-01 12:39:00,796 [INFO] PluginManage:359 - Loaded plugin cadmodel (category:power,tabindex:5)
2024-10-01 12:39:00,796 [INFO] PluginManage:310 - Check plugin clock
2024-10-01 12:39:00,810 [INFO] PluginManage:359 - Loaded plugin clock (category:base,tabindex:2)
2024-10-01 12:39:00,810 [INFO] PluginManage:310 - Check plugin ddr
2024-10-01 12:39:00,812 [INFO] PluginManage:359 - Loaded plugin ddr (category:tool,tabindex:6)
2024-10-01 12:39:00,812 [INFO] PluginManage:310 - Check plugin filemanager
2024-10-01 12:39:00,916 [INFO] PluginManage:359 - Loaded plugin filemanager (category:base,tabindex:10)
2024-10-01 12:39:00,916 [INFO] PluginManage:310 - Check plugin ipmanager
2024-10-01 12:39:00,923 [INFO] PluginManage:359 - Loaded plugin ipmanager (category:base,tabindex:5)
2024-10-01 12:39:00,923 [INFO] PluginManage:310 - Check plugin lpbam
2024-10-01 12:39:00,937 [INFO] PluginManage:359 - Loaded plugin lpbam (category:base,tabindex:0)
2024-10-01 12:39:00,937 [INFO] PluginManage:310 - Check plugin memorymap
2024-10-01 12:39:00,955 [INFO] PluginManage:359 - Loaded plugin memorymap (category:base,tabindex:4)
2024-10-01 12:39:00,955 [INFO] PluginManage:310 - Check plugin pinoutandconfiguration
2024-10-01 12:39:00,972 [INFO] PluginManage:359 - Loaded plugin pinoutandconfiguration (category:base,tabindex:1)
2024-10-01 12:39:00,972 [INFO] PluginManage:310 - Check plugin pinoutconfig
2024-10-01 12:39:01,051 [WARN] SupportedApi:132 - Cannot load RTOS API schema: s4s-elt-must-match.1: The content of 'definitions' must match (annotation?, (simpleType | complexType)?, (unique | key | keyref)*)). A problem was found starting at: attribute.
2024-10-01 12:39:01,142 [INFO] PluginManage:359 - Loaded plugin pinoutconfig (category:base,tabindex:0)
2024-10-01 12:39:01,142 [INFO] PluginManage:310 - Check plugin power
2024-10-01 12:39:01,155 [INFO] PluginManage:359 - Loaded plugin power (category:power,tabindex:4)
2024-10-01 12:39:01,156 [INFO] PluginManage:310 - Check plugin projectmanager
2024-10-01 12:39:01,170 [INFO] PluginManage:359 - Loaded plugin projectmanager (category:projectmanager,tabindex:4)
2024-10-01 12:39:01,170 [INFO] PluginManage:310 - Check plugin rif
2024-10-01 12:39:01,183 [INFO] PluginManage:359 - Loaded plugin rif (category:base,tabindex:3)
2024-10-01 12:39:01,183 [INFO] PluginManage:310 - Check plugin thirdparty
2024-10-01 12:39:01,367 [INFO] PluginManage:359 - Loaded plugin thirdparty (category:base,tabindex:-1)
2024-10-01 12:39:01,367 [WARN] IntegrityCheckThread:84 - waiting for thirdparty lock release [integrity check]
2024-10-01 12:39:01,367 [INFO] PluginManage:310 - Check plugin tools
2024-10-01 12:39:01,367 [INFO] IntegrityCheckThread:86 - entering critical section [integrity check]
2024-10-01 12:39:01,369 [INFO] ThirdPartyUpdaterWithRetryManager:70 - Updater plugin not ready yet. [1/15]
2024-10-01 12:39:01,392 [INFO] PluginManage:359 - Loaded plugin tools (category:base,tabindex:7)
2024-10-01 12:39:01,392 [INFO] PluginManage:310 - Check plugin tutovideos
2024-10-01 12:39:01,522 [INFO] PluginManage:359 - Loaded plugin tutovideos (category:base,tabindex:-1)
2024-10-01 12:39:01,522 [INFO] PluginManage:310 - Check plugin updater
2024-10-01 12:39:01,537 [INFO] PluginManage:359 - Loaded plugin updater (category:base,tabindex:12)
2024-10-01 12:39:01,537 [INFO] PluginManage:310 - Check plugin userauth
2024-10-01 12:39:01,542 [INFO] UserAuth:113 - Init User Auth plugin
2024-10-01 12:39:01,542 [INFO] PluginManage:359 - Loaded plugin userauth (category:base,tabindex:14)
2024-10-01 12:39:01,542 [INFO] PluginManage:283 - PluginManage : Loaded plugins [18]
2024-10-01 12:39:01,692 [INFO] PinOutPanel:1561 - setPackage(No Configuration,No Configuration)
2024-10-01 12:39:01,748 [INFO] CADModel:165 - CPN selected for project level
2024-10-01 12:39:01,748 [INFO] CADModel:114 - Register for checkConnection events
2024-10-01 12:39:01,767 [INFO] IPUIPlugin:80 - create IPUIPlugin
2024-10-01 12:39:01,767 [INFO] PluginManager:220 - loadIPPluginJar : add adc
2024-10-01 12:39:01,791 [INFO] IPUIPlugin:80 - create IPUIPlugin
2024-10-01 12:39:01,791 [INFO] PluginManager:220 - loadIPPluginJar : add aes
2024-10-01 12:39:01,816 [INFO] IPUIPlugin:80 - create IPUIPlugin
2024-10-01 12:39:01,817 [INFO] PluginManager:220 - loadIPPluginJar : add can
2024-10-01 12:39:01,832 [INFO] IPUIPlugin:80 - create IPUIPlugin
2024-10-01 12:39:01,832 [INFO] PluginManager:220 - loadIPPluginJar : add comp
2024-10-01 12:39:01,854 [INFO] IPUIPlugin:80 - create IPUIPlugin
2024-10-01 12:39:01,854 [INFO] PluginManager:220 - loadIPPluginJar : add cryp
2024-10-01 12:39:01,864 [INFO] IPUIPlugin:80 - create IPUIPlugin
2024-10-01 12:39:01,864 [INFO] PluginManager:220 - loadIPPluginJar : add ddr_ctrl_phy
2024-10-01 12:39:01,884 [INFO] IPUIPlugin:80 - create IPUIPlugin
2024-10-01 12:39:01,885 [INFO] PluginManager:220 - loadIPPluginJar : add dfsdm
2024-10-01 12:39:01,897 [INFO] IPUIPlugin:80 - create IPUIPlugin
2024-10-01 12:39:01,897 [INFO] PluginManager:220 - loadIPPluginJar : add dma
2024-10-01 12:39:01,927 [INFO] IPUIPlugin:80 - create IPUIPlugin
2024-10-01 12:39:01,927 [INFO] PluginManager:220 - loadIPPluginJar : add dma3
2024-10-01 12:39:01,955 [INFO] IPUIPlugin:80 - create IPUIPlugin
2024-10-01 12:39:01,955 [INFO] PluginManager:220 - loadIPPluginJar : add extmemmanager
2024-10-01 12:39:01,969 [INFO] IPUIPlugin:80 - create IPUIPlugin
2024-10-01 12:39:01,969 [INFO] PluginManager:220 - loadIPPluginJar : add fatfs
2024-10-01 12:39:02,000 [INFO] IPUIPlugin:80 - create IPUIPlugin
2024-10-01 12:39:02,000 [INFO] PluginManager:220 - loadIPPluginJar : add fmc
2024-10-01 12:39:02,013 [INFO] IPUIPlugin:80 - create IPUIPlugin
2024-10-01 12:39:02,013 [INFO] PluginManager:220 - loadIPPluginJar : add freertos
2024-10-01 12:39:02,028 [INFO] IPUIPlugin:80 - create IPUIPlugin
2024-10-01 12:39:02,028 [INFO] PluginManager:220 - loadIPPluginJar : add genericplugin
2024-10-01 12:39:02,087 [INFO] IPUIPlugin:80 - create IPUIPlugin
2024-10-01 12:39:02,087 [INFO] PluginManager:220 - loadIPPluginJar : add gfxmmu
2024-10-01 12:39:02,171 [INFO] IPUIPlugin:80 - create IPUIPlugin
2024-10-01 12:39:02,171 [INFO] PluginManager:220 - loadIPPluginJar : add gic
2024-10-01 12:39:02,182 [INFO] IPUIPlugin:80 - create IPUIPlugin
2024-10-01 12:39:02,182 [INFO] PluginManager:220 - loadIPPluginJar : add gpio
2024-10-01 12:39:02,241 [INFO] IPUIPlugin:80 - create IPUIPlugin
2024-10-01 12:39:02,241 [INFO] PluginManager:220 - loadIPPluginJar : add gtzc
2024-10-01 12:39:02,264 [INFO] IPUIPlugin:80 - create IPUIPlugin
2024-10-01 12:39:02,264 [INFO] PluginManager:220 - loadIPPluginJar : add hash
2024-10-01 12:39:02,298 [INFO] IPUIPlugin:80 - create IPUIPlugin
2024-10-01 12:39:02,298 [INFO] PluginManager:220 - loadIPPluginJar : add i2c
2024-10-01 12:39:02,326 [INFO] IPUIPlugin:80 - create IPUIPlugin
2024-10-01 12:39:02,326 [INFO] PluginManager:220 - loadIPPluginJar : add i2s
2024-10-01 12:39:02,365 [INFO] IPUIPlugin:80 - create IPUIPlugin
2024-10-01 12:39:02,365 [INFO] PluginManager:220 - loadIPPluginJar : add i3c
2024-10-01 12:39:02,435 [INFO] IPUIPlugin:80 - create IPUIPlugin
2024-10-01 12:39:02,435 [INFO] PluginManager:220 - loadIPPluginJar : add ipddr
2024-10-01 12:39:02,496 [INFO] IPUIPlugin:80 - create IPUIPlugin
2024-10-01 12:39:02,496 [INFO] PluginManager:220 - loadIPPluginJar : add linkedlist
2024-10-01 12:39:02,520 [INFO] IPUIPlugin:80 - create IPUIPlugin
2024-10-01 12:39:02,520 [INFO] PluginManager:220 - loadIPPluginJar : add lorawan
2024-10-01 12:39:02,544 [INFO] IPUIPlugin:80 - create IPUIPlugin
2024-10-01 12:39:02,544 [INFO] PluginManager:220 - loadIPPluginJar : add ltdc
2024-10-01 12:39:02,554 [INFO] IPUIPlugin:80 - create IPUIPlugin
2024-10-01 12:39:02,555 [INFO] PluginManager:220 - loadIPPluginJar : add mdma
2024-10-01 12:39:02,564 [INFO] IPUIPlugin:80 - create IPUIPlugin
2024-10-01 12:39:02,565 [INFO] PluginManager:220 - loadIPPluginJar : add nvic
2024-10-01 12:39:02,590 [INFO] IPUIPlugin:80 - create IPUIPlugin
2024-10-01 12:39:02,591 [INFO] PluginManager:220 - loadIPPluginJar : add opamp
2024-10-01 12:39:02,628 [INFO] IPUIPlugin:80 - create IPUIPlugin
2024-10-01 12:39:02,628 [INFO] PluginManager:220 - loadIPPluginJar : add openamp
2024-10-01 12:39:02,655 [INFO] IPUIPlugin:80 - create IPUIPlugin
2024-10-01 12:39:02,655 [INFO] PluginManager:220 - loadIPPluginJar : add pdm2pcm
2024-10-01 12:39:02,666 [INFO] IPUIPlugin:80 - create IPUIPlugin
2024-10-01 12:39:02,668 [INFO] PluginManager:220 - loadIPPluginJar : add plateformsettings
2024-10-01 12:39:02,683 [INFO] IPUIPlugin:80 - create IPUIPlugin
2024-10-01 12:39:02,683 [INFO] PluginManager:220 - loadIPPluginJar : add quadspi
2024-10-01 12:39:02,701 [INFO] IPUIPlugin:80 - create IPUIPlugin
2024-10-01 12:39:02,702 [INFO] PluginManager:220 - loadIPPluginJar : add radio
2024-10-01 12:39:02,710 [INFO] IPUIPlugin:80 - create IPUIPlugin
2024-10-01 12:39:02,710 [INFO] PluginManager:220 - loadIPPluginJar : add resmgrutility
2024-10-01 12:39:02,742 [INFO] IPUIPlugin:80 - create IPUIPlugin
2024-10-01 12:39:02,742 [INFO] PluginManager:220 - loadIPPluginJar : add sai
2024-10-01 12:39:02,766 [INFO] IPUIPlugin:80 - create IPUIPlugin
2024-10-01 12:39:02,767 [INFO] PluginManager:220 - loadIPPluginJar : add spi
2024-10-01 12:39:02,812 [INFO] IPUIPlugin:80 - create IPUIPlugin
2024-10-01 12:39:02,813 [INFO] PluginManager:220 - loadIPPluginJar : add stm32_wpan
2024-10-01 12:39:02,828 [INFO] IPUIPlugin:80 - create IPUIPlugin
2024-10-01 12:39:02,828 [INFO] PluginManager:220 - loadIPPluginJar : add tim
2024-10-01 12:39:02,868 [INFO] IPUIPlugin:80 - create IPUIPlugin
2024-10-01 12:39:02,868 [INFO] PluginManager:220 - loadIPPluginJar : add touchsensing
2024-10-01 12:39:02,884 [INFO] IPUIPlugin:80 - create IPUIPlugin
2024-10-01 12:39:02,884 [INFO] PluginManager:220 - loadIPPluginJar : add tracer_emb
2024-10-01 12:39:02,900 [INFO] IPUIPlugin:80 - create IPUIPlugin
2024-10-01 12:39:02,901 [INFO] PluginManager:220 - loadIPPluginJar : add ts
2024-10-01 12:39:02,915 [INFO] IPUIPlugin:80 - create IPUIPlugin
2024-10-01 12:39:02,915 [INFO] PluginManager:220 - loadIPPluginJar : add tsc
2024-10-01 12:39:02,931 [INFO] IPUIPlugin:80 - create IPUIPlugin
2024-10-01 12:39:02,931 [INFO] PluginManager:220 - loadIPPluginJar : add ucpd
2024-10-01 12:39:02,960 [INFO] IPUIPlugin:80 - create IPUIPlugin
2024-10-01 12:39:02,961 [INFO] PluginManager:220 - loadIPPluginJar : add usart
2024-10-01 12:39:02,989 [INFO] IPUIPlugin:80 - create IPUIPlugin
2024-10-01 12:39:02,989 [INFO] PluginManager:220 - loadIPPluginJar : add usbx
2024-10-01 12:39:03,091 [INFO] CADModel:165 - CPN selected for project level
2024-10-01 12:39:03,092 [INFO] CADModel:114 - Register for checkConnection events
2024-10-01 12:39:03,092 [FATAL] Updater:334 - Updater called before beeing initialized
2024-10-01 12:39:03,092 [ERROR] CADModel:125 - Updater not yet initialized, retry later 
2024-10-01 12:39:03,251 [INFO] CADModel:165 - CPN selected for project level
2024-10-01 12:39:03,251 [INFO] CADModel:114 - Register for checkConnection events
2024-10-01 12:39:03,251 [FATAL] Updater:334 - Updater called before beeing initialized
2024-10-01 12:39:03,251 [ERROR] CADModel:125 - Updater not yet initialized, retry later 
2024-10-01 12:39:03,253 [FATAL] Updater:334 - Updater called before beeing initialized
2024-10-01 12:39:03,347 [FATAL] Updater:334 - Updater called before beeing initialized
2024-10-01 12:39:03,354 [INFO] DbMcusAds:53 - JSON generation date=Fri Sep 20 09:04:23 EDT 2024 (1726837463113)
2024-10-01 12:39:03,354 [FATAL] Updater:334 - Updater called before beeing initialized
2024-10-01 12:39:03,378 [WARN] DetailPanel:346 - Failed to get advertising image, set to default
2024-10-01 12:39:03,463 [FATAL] Updater:334 - Updater called before beeing initialized
2024-10-01 12:39:03,464 [FATAL] Updater:334 - Updater called before beeing initialized
2024-10-01 12:39:03,464 [FATAL] Updater:334 - Updater called before beeing initialized
2024-10-01 12:39:03,464 [WARN] DetailPanel:346 - Failed to get advertising image, set to default
2024-10-01 12:39:03,465 [FATAL] Updater:334 - Updater called before beeing initialized
2024-10-01 12:39:03,546 [ERROR] Updater:1164 - MainUpdater not yet initialized. External WinMGr cannot be set.
2024-10-01 12:39:03,556 [INFO] Updater:1100 - Updater Version found : 6.12.1
2024-10-01 12:39:03,584 [INFO] ApplicationProperties:184 - Using Application install path: C:\ST\STM32CubeIDE_1.16.1\STM32CubeIDE\plugins\com.st.stm32cube.common.mx_6.12.1.202409122256
2024-10-01 12:39:04,370 [INFO] ThirdPartyUpdaterWithRetryManager:70 - Updater plugin not ready yet. [2/15]
2024-10-01 12:39:05,164 [ERROR] LogOutputStream:75 - [STDERR_REDIRECT] Oct 01, 2024 12:39:05 PM java.util.prefs.WindowsPreferences <init>
2024-10-01 12:39:05,166 [ERROR] LogOutputStream:75 - [STDERR_REDIRECT] WARNING: Could not open/create prefs root node Software\JavaSoft\Prefs at root 0xffffffff80000002. Windows RegCreateKeyEx(...) returned error code 5.
2024-10-01 12:39:05,166 [ERROR] LogOutputStream:75 - [STDERR_REDIRECT] 
2024-10-01 12:39:05,555 [INFO] MainUpdater:2873 - connection check result : 10
2024-10-01 12:39:05,555 [INFO] MainUpdater:290 - Updater Check For Update Now.
2024-10-01 12:39:05,556 [INFO] MicroXplorer:498 - Change Database Version : DB.6.0.121
2024-10-01 12:39:05,575 [INFO] McuFinderGlobals:63 - Set McuFinder mode to 2 (CubeIDE integrated)
2024-10-01 12:39:05,580 [INFO] UserAuth:417 - Internet connection configuration mode: 1
2024-10-01 12:39:05,661 [INFO] JxBrowserEngine:152 - Initiate JxBrowser Engine with user profile folder
2024-10-01 12:39:05,745 [INFO] CheckServerUpdateThread:120 - End of CheckServer Thread
2024-10-01 12:39:07,589 [WARN] PackLoader:240 - Cannot read IP mode file for STMicroelectronics.FP-SNS-MOTENVWB1.1.4.0
2024-10-01 12:39:07,623 [WARN] PackLoader:240 - Cannot read IP mode file for STMicroelectronics.X-CUBE-SMBUS.2.1.0
2024-10-01 12:39:07,663 [WARN] PackLoader:240 - Cannot read IP mode file for STMicroelectronics.X-CUBE-AZRTOS-F7.1.1.0
2024-10-01 12:39:07,750 [WARN] PackLoader:240 - Cannot read IP mode file for STMicroelectronics.X-CUBE-MEMS1.11.0.0
2024-10-01 12:39:07,828 [WARN] PackLoader:240 - Cannot read IP mode file for STMicroelectronics.FP-SNS-FLIGHT1.5.0.2
2024-10-01 12:39:07,843 [WARN] PackLoader:240 - Cannot read IP mode file for STMicroelectronics.X-CUBE-DISPLAY.3.0.0
2024-10-01 12:39:07,860 [WARN] PackLoader:240 - Cannot read IP mode file for STMicroelectronics.X-CUBE-BLE1.7.0.0
2024-10-01 12:39:07,870 [WARN] PackLoader:240 - Cannot read IP mode file for STMicroelectronics.X-CUBE-NFC10.1.0.0
2024-10-01 12:39:07,880 [WARN] PackLoader:240 - Cannot read IP mode file for emotas.I-CUBE-CANOPEN.1.3.0
2024-10-01 12:39:07,890 [WARN] PackLoader:240 - Cannot read IP mode file for STMicroelectronics.X-CUBE-BLEMGR.3.1.0
2024-10-01 12:39:07,899 [WARN] PackLoader:240 - Cannot read IP mode file for STMicroelectronics.FP-SNS-SMARTAG2.1.2.0
2024-10-01 12:39:07,912 [INFO] LogOutputStream:77 - [STDOUT_REDIRECT] 1 : Invalid condition id : UX_CORESTACK_Condition cause : null
2024-10-01 12:39:07,914 [INFO] LogOutputStream:77 - [STDOUT_REDIRECT] 1 : Invalid condition id : UX_CORESTACK_Condition cause : null
2024-10-01 12:39:07,916 [INFO] LogOutputStream:77 - [STDOUT_REDIRECT] 1 : Invalid condition id : UX_CORESTACK_Condition cause : null
2024-10-01 12:39:07,917 [INFO] LogOutputStream:77 - [STDOUT_REDIRECT] 1 : Invalid condition id : UX_CORESTACK_Condition cause : null
2024-10-01 12:39:07,919 [INFO] LogOutputStream:77 - [STDOUT_REDIRECT] 1 : Invalid condition id : UX_CORESTACK_Condition cause : null
2024-10-01 12:39:07,927 [WARN] PackLoader:240 - Cannot read IP mode file for STMicroelectronics.X-CUBE-AZRTOS-WL.2.0.0
2024-10-01 12:39:07,947 [WARN] PackLoader:240 - Cannot read IP mode file for STMicroelectronics.FP-SNS-MOTENV1.5.0.0
2024-10-01 12:39:07,987 [WARN] PackLoader:240 - Cannot read IP mode file for wolfSSL.I-CUBE-wolfMQTT.1.19.0
2024-10-01 12:39:08,014 [WARN] PackLoader:240 - Cannot read IP mode file for WES.I-CUBE-Cesium.1.3.0
2024-10-01 12:39:08,024 [WARN] PackLoader:240 - Cannot read IP mode file for STMicroelectronics.X-CUBE-BLE2.3.3.0
2024-10-01 12:39:08,033 [WARN] PackLoader:240 - Cannot read IP mode file for STMicroelectronics.X-CUBE-NFC9.1.0.0
2024-10-01 12:39:08,042 [WARN] PackLoader:240 - Cannot read IP mode file for STMicroelectronics.X-CUBE-TCPP.4.1.0
2024-10-01 12:39:08,058 [WARN] PackLoader:240 - Cannot read IP mode file for STMicroelectronics.X-CUBE-AZRTOS-G0.1.1.0
2024-10-01 12:39:08,068 [WARN] PackLoader:240 - Cannot read IP mode file for STMicroelectronics.X-CUBE-SAFEA1.1.2.2
2024-10-01 12:39:08,077 [WARN] PackLoader:240 - Cannot read IP mode file for STMicroelectronics.X-CUBE-NFC4.3.0.0
2024-10-01 12:39:08,090 [WARN] PackLoader:240 - Cannot read IP mode file for EmbeddedOffice.I-CUBE-FS-RTOS.1.0.1
2024-10-01 12:39:08,090 [ERROR] ConditionMgr:805 - Attr not supported : Dmpu
2024-10-01 12:39:08,090 [ERROR] ConditionMgr:805 - Attr not supported : Dmpu
2024-10-01 12:39:08,090 [ERROR] ConditionMgr:805 - Attr not supported : Dmpu
2024-10-01 12:39:08,090 [ERROR] ConditionMgr:805 - Attr not supported : Dmpu
2024-10-01 12:39:08,090 [ERROR] ConditionMgr:805 - Attr not supported : Dmpu
2024-10-01 12:39:08,090 [ERROR] ConditionMgr:805 - Attr not supported : Dmpu
2024-10-01 12:39:08,090 [ERROR] ConditionMgr:805 - Attr not supported : Dmpu
2024-10-01 12:39:08,090 [ERROR] ConditionMgr:805 - Attr not supported : Dmpu
2024-10-01 12:39:08,090 [ERROR] ConditionMgr:805 - Attr not supported : Dmpu
2024-10-01 12:39:08,090 [ERROR] ConditionMgr:805 - Attr not supported : Dmpu
2024-10-01 12:39:08,090 [ERROR] ConditionMgr:805 - Attr not supported : Dmpu
2024-10-01 12:39:08,090 [ERROR] ConditionMgr:805 - Attr not supported : Dmpu
2024-10-01 12:39:08,090 [ERROR] ConditionMgr:805 - Attr not supported : Dmpu
2024-10-01 12:39:08,090 [ERROR] ConditionMgr:805 - Attr not supported : Dmpu
2024-10-01 12:39:08,091 [ERROR] ConditionMgr:805 - Attr not supported : Dmpu
2024-10-01 12:39:08,091 [ERROR] ConditionMgr:805 - Attr not supported : Dmpu
2024-10-01 12:39:08,091 [ERROR] ConditionMgr:805 - Attr not supported : Dmpu
2024-10-01 12:39:08,091 [ERROR] ConditionMgr:805 - Attr not supported : Dmpu
2024-10-01 12:39:08,091 [ERROR] ConditionMgr:805 - Attr not supported : Dmpu
2024-10-01 12:39:08,091 [ERROR] ConditionMgr:805 - Attr not supported : Dmpu
2024-10-01 12:39:08,091 [ERROR] ConditionMgr:805 - Attr not supported : Dmpu
2024-10-01 12:39:08,091 [ERROR] ConditionMgr:805 - Attr not supported : Dmpu
2024-10-01 12:39:08,091 [ERROR] ConditionMgr:805 - Attr not supported : Dmpu
2024-10-01 12:39:08,091 [ERROR] ConditionMgr:805 - Attr not supported : Dmpu
2024-10-01 12:39:08,091 [ERROR] ConditionMgr:805 - Attr not supported : Dmpu
2024-10-01 12:39:08,091 [ERROR] ConditionMgr:805 - Attr not supported : Dmpu
2024-10-01 12:39:08,091 [ERROR] ConditionMgr:805 - Attr not supported : Dmpu
2024-10-01 12:39:08,091 [ERROR] ConditionMgr:805 - Attr not supported : Dmpu
2024-10-01 12:39:08,091 [ERROR] ConditionMgr:805 - Attr not supported : Dmpu
2024-10-01 12:39:08,091 [ERROR] ConditionMgr:805 - Attr not supported : Dmpu
2024-10-01 12:39:08,091 [ERROR] ConditionMgr:805 - Attr not supported : Dmpu
2024-10-01 12:39:08,091 [ERROR] ConditionMgr:805 - Attr not supported : Dmpu
2024-10-01 12:39:08,091 [ERROR] ConditionMgr:805 - Attr not supported : Dmpu
2024-10-01 12:39:08,091 [ERROR] ConditionMgr:805 - Attr not supported : Dmpu
2024-10-01 12:39:08,091 [ERROR] ConditionMgr:805 - Attr not supported : Dmpu
2024-10-01 12:39:08,091 [ERROR] ConditionMgr:805 - Attr not supported : Dmpu
2024-10-01 12:39:08,091 [ERROR] ConditionMgr:805 - Attr not supported : Dmpu
2024-10-01 12:39:08,091 [ERROR] ConditionMgr:805 - Attr not supported : Dmpu
2024-10-01 12:39:08,091 [ERROR] ConditionMgr:805 - Attr not supported : Dmpu
2024-10-01 12:39:08,091 [ERROR] ConditionMgr:805 - Attr not supported : Dmpu
2024-10-01 12:39:08,091 [ERROR] ConditionMgr:805 - Attr not supported : Dmpu
2024-10-01 12:39:08,091 [ERROR] ConditionMgr:805 - Attr not supported : Dmpu
2024-10-01 12:39:08,091 [ERROR] ConditionMgr:805 - Attr not supported : Dmpu
2024-10-01 12:39:08,091 [ERROR] ConditionMgr:805 - Attr not supported : Dmpu
2024-10-01 12:39:08,091 [ERROR] ConditionMgr:805 - Attr not supported : Dmpu
2024-10-01 12:39:08,091 [ERROR] ConditionMgr:805 - Attr not supported : Dmpu
2024-10-01 12:39:08,091 [ERROR] ConditionMgr:805 - Attr not supported : Dmpu
2024-10-01 12:39:08,091 [ERROR] ConditionMgr:805 - Attr not supported : Dmpu
2024-10-01 12:39:08,091 [ERROR] ConditionMgr:805 - Attr not supported : Dmpu
2024-10-01 12:39:08,091 [ERROR] ConditionMgr:805 - Attr not supported : Dmpu
2024-10-01 12:39:08,091 [ERROR] ConditionMgr:805 - Attr not supported : Dmpu
2024-10-01 12:39:08,092 [ERROR] ConditionMgr:805 - Attr not supported : Dmpu
2024-10-01 12:39:08,092 [ERROR] ConditionMgr:805 - Attr not supported : Dmpu
2024-10-01 12:39:08,092 [ERROR] ConditionMgr:805 - Attr not supported : Dmpu
2024-10-01 12:39:08,092 [ERROR] ConditionMgr:805 - Attr not supported : Dmpu
2024-10-01 12:39:08,092 [ERROR] ConditionMgr:805 - Attr not supported : Dmpu
2024-10-01 12:39:08,092 [ERROR] ConditionMgr:805 - Attr not supported : Dmpu
2024-10-01 12:39:08,092 [ERROR] ConditionMgr:805 - Attr not supported : Dmpu
2024-10-01 12:39:08,092 [ERROR] ConditionMgr:805 - Attr not supported : Dmpu
2024-10-01 12:39:08,092 [ERROR] ConditionMgr:805 - Attr not supported : Dmpu
2024-10-01 12:39:08,092 [ERROR] ConditionMgr:805 - Attr not supported : Dmpu
2024-10-01 12:39:08,092 [ERROR] ConditionMgr:805 - Attr not supported : Dmpu
2024-10-01 12:39:08,092 [ERROR] ConditionMgr:805 - Attr not supported : Dmpu
2024-10-01 12:39:08,092 [ERROR] ConditionMgr:805 - Attr not supported : Dmpu
2024-10-01 12:39:08,101 [WARN] PackLoader:240 - Cannot read IP mode file for RealThread.X-CUBE-RT-Thread_Nano.4.1.1
2024-10-01 12:39:08,109 [WARN] PackLoader:240 - Cannot read IP mode file for STMicroelectronics.FP-ATR-SIGFOX1.3.2.0
2024-10-01 12:39:08,117 [WARN] PackLoader:240 - Cannot read IP mode file for wolfSSL.I-CUBE-wolfSSL.5.7.2
2024-10-01 12:39:08,126 [WARN] PackLoader:240 - Cannot read IP mode file for STMicroelectronics.X-CUBE-EEPRMA1.5.1.0
2024-10-01 12:39:08,136 [WARN] PackLoader:240 - Cannot read IP mode file for ITTIA_DB.I-CUBE-ITTIADB.8.9.0
2024-10-01 12:39:08,159 [WARN] PackLoader:240 - Cannot read IP mode file for SEGGER.I-CUBE-embOS.1.3.1
2024-10-01 12:39:08,203 [WARN] PackLoader:240 - Cannot read IP mode file for STMicroelectronics.X-CUBE-ALGOBUILD.1.4.0
2024-10-01 12:39:08,219 [WARN] PackLoader:240 - Cannot read IP mode file for STMicroelectronics.X-CUBE-AZRTOS-F4.1.1.0
2024-10-01 12:39:08,229 [WARN] PackLoader:240 - Cannot read IP mode file for STMicroelectronics.X-CUBE-ISPU.2.1.0
2024-10-01 12:39:08,237 [WARN] PackLoader:240 - Cannot read IP mode file for STMicroelectronics.X-CUBE-FREERTOS.1.2.0
2024-10-01 12:39:08,255 [WARN] PackLoader:240 - Cannot read IP mode file for STMicroelectronics.X-CUBE-AZRTOS-L5.2.0.0
2024-10-01 12:39:08,265 [WARN] PackLoader:240 - Cannot read IP mode file for STMicroelectronics.X-CUBE-NFC6.3.1.0
2024-10-01 12:39:08,275 [WARN] PackLoader:240 - Cannot read IP mode file for STMicroelectronics.X-CUBE-DPower.1.2.0
2024-10-01 12:39:08,284 [WARN] PackLoader:240 - Cannot read IP mode file for STMicroelectronics.X-CUBE-AI.9.0.0
2024-10-01 12:39:08,292 [WARN] PackLoader:240 - Cannot read IP mode file for STMicroelectronics.X-CUBE-NFC7.1.0.1
2024-10-01 12:39:08,309 [WARN] ConditionMgr:438 - getConditionDescription Invalid condition id : LAN8742 Phy interface Condition cause : null
2024-10-01 12:39:08,309 [WARN] PackLoader:240 - Cannot read IP mode file for STMicroelectronics.X-CUBE-AZRTOS-L4.2.0.0
2024-10-01 12:39:08,310 [WARN] ConditionMgr:1039 - genDependencies : Invalid condition id : LAN8742 Phy interface Condition cause : null
2024-10-01 12:39:08,310 [WARN] ConditionMgr:1039 - genDependencies : Invalid condition id : LAN8742 Phy interface Condition cause : null
2024-10-01 12:39:08,310 [WARN] ConditionMgr:1039 - genDependencies : Invalid condition id : LAN8742 Phy interface Condition cause : null
2024-10-01 12:39:08,320 [WARN] PackLoader:240 - Cannot read IP mode file for STMicroelectronics.X-CUBE-SFXS2LP1.4.0.0
2024-10-01 12:39:08,339 [WARN] PackLoader:240 - Cannot read IP mode file for STMicroelectronics.X-CUBE-AZRTOS-H7.3.3.0
2024-10-01 12:39:08,355 [WARN] ConditionMgr:438 - getConditionDescription Invalid condition id : UX DEVICE CLASS RTOS Condition cause : null
2024-10-01 12:39:08,355 [WARN] ConditionMgr:438 - getConditionDescription Invalid condition id : UX DEVICE CLASS RTOS Condition cause : null
2024-10-01 12:39:08,356 [WARN] PackLoader:240 - Cannot read IP mode file for STMicroelectronics.X-CUBE-AZRTOS-WB.2.0.0
2024-10-01 12:39:08,356 [WARN] ConditionMgr:1039 - genDependencies : Invalid condition id : UX DEVICE CLASS RTOS Condition cause : null
2024-10-01 12:39:08,356 [WARN] ConditionMgr:1039 - genDependencies : Invalid condition id : UX DEVICE CLASS RTOS Condition cause : null
2024-10-01 12:39:08,356 [WARN] ConditionMgr:1039 - genDependencies : Invalid condition id : UX DEVICE CLASS RTOS Condition cause : null
2024-10-01 12:39:08,356 [WARN] ConditionMgr:1039 - genDependencies : Invalid condition id : UX DEVICE CLASS RTOS Condition cause : null
2024-10-01 12:39:08,356 [WARN] ConditionMgr:1039 - genDependencies : Invalid condition id : UX DEVICE CLASS RTOS Condition cause : null
2024-10-01 12:39:08,365 [WARN] PackLoader:240 - Cannot read IP mode file for STMicroelectronics.X-CUBE-GNSS1.7.0.0
2024-10-01 12:39:08,374 [WARN] PackLoader:240 - Cannot read IP mode file for STMicroelectronics.FP-SNS-STBOX1.2.0.0
2024-10-01 12:39:08,393 [WARN] PackLoader:240 - Cannot read IP mode file for STMicroelectronics.X-CUBE-SUBG2.5.0.0
2024-10-01 12:39:08,412 [WARN] PackLoader:240 - Cannot read IP mode file for Cesanta.I-CUBE-Mongoose.7.13.0
2024-10-01 12:39:08,445 [WARN] PackLoader:240 - Cannot read IP mode file for STMicroelectronics.X-CUBE-AZRTOS-G4.2.0.0
2024-10-01 12:39:08,453 [WARN] PackLoader:240 - Cannot read IP mode file for STMicroelectronics.X-CUBE-ISPU.2.0.0
2024-10-01 12:39:08,461 [WARN] PackLoader:240 - Cannot read IP mode file for STMicroelectronics.X-CUBE-ALS.1.0.2
2024-10-01 12:39:08,473 [WARN] PackLoader:240 - Cannot read IP mode file for STMicroelectronics.X-CUBE-TOUCHGFX.4.24.0
2024-10-01 12:39:08,481 [WARN] PackLoader:240 - Cannot read IP mode file for STMicroelectronics.X-CUBE-TOUCHGFX.4.24.1
2024-10-01 12:39:08,487 [WARN] PackLoader:240 - Cannot read IP mode file for wolfSSL.I-CUBE-wolfTPM.3.4.0
2024-10-01 12:39:08,495 [WARN] PackLoader:240 - Cannot read IP mode file for portGmbH.I-Cube-SoM-uGOAL.1.1.0
2024-10-01 12:39:08,512 [WARN] PackLoader:240 - Cannot read IP mode file for STMicroelectronics.X-CUBE-AZRTOS-H7RS.1.0.0
2024-10-01 12:39:08,521 [WARN] PackLoader:240 - Cannot read IP mode file for STMicroelectronics.FP-ATR-ASTRA1.2.0.0
2024-10-01 12:39:08,533 [WARN] PackLoader:240 - Cannot read IP mode file for STMicroelectronics.X-CUBE-TOF1.3.4.2
2024-10-01 12:39:08,557 [WARN] PackLoader:240 - Cannot read IP mode file for Infineon.AIROC-Wi-Fi-Bluetooth-STM32.1.6.1
2024-10-01 12:39:08,568 [WARN] PackLoader:240 - Cannot read IP mode file for wolfSSL.I-CUBE-wolfSSH.1.4.17
2024-10-01 12:39:08,569 [INFO] ThirdParty:978 - Integrity check success = true
2024-10-01 12:39:08,569 [INFO] IntegrityCheckThread:100 - exiting critical section [integrity check]
2024-10-01 12:39:08,569 [INFO] IntegrityCheckThread:103 - End integrity checks thread
2024-10-01 12:39:09,239 [INFO] WebApp:167 - Instantiating new browser for Auth
2024-10-01 12:39:10,327 [INFO] WebApp:448 - Apply proxy settings
2024-10-01 12:39:10,328 [INFO] WebApp:533 - Chromium requires no authentication
2024-10-01 12:39:10,338 [INFO] WebApp:476 - Direct internet connection detected
2024-10-01 12:39:10,361 [INFO] WebApp:869 - Register for checkConnection events
2024-10-01 12:39:10,361 [INFO] WebApp:448 - Apply proxy settings
2024-10-01 12:39:10,361 [INFO] WebApp:533 - Chromium requires no authentication
2024-10-01 12:39:10,361 [INFO] WebApp:476 - Direct internet connection detected
2024-10-01 12:39:10,518 [INFO] WebApp:220 - Starting web application
2024-10-01 12:39:10,519 [INFO] WebApp:578 - Web application path used C:\ST\STM32CubeIDE_1.16.1\STM32CubeIDE\plugins\com.st.stm32cube.common.mx_6.12.1.202409122256\db\plugins\mcufinder\reactClient1\index.html
2024-10-01 12:39:10,616 [INFO] UserAuth:417 - Internet connection configuration mode: 1
2024-10-01 12:39:10,843 [INFO] WebApp:186 - Connection restablished
2024-10-01 12:40:24,451 [INFO] WebApp:189 - Connection lost
2024-10-01 12:40:24,595 [INFO] WebApp:186 - Connection restablished
2024-10-01 13:25:11,427 [ERROR] LogOutputStream:75 - [STDERR_REDIRECT] 
2024-10-01 13:25:11,429 [ERROR] LogOutputStream:75 - [STDERR_REDIRECT] 
